[0.007s] Invoking command in '/home/patrickdew/aruco_d435/ros2-aruco-pose-estimation/aruco_pose_estimation/build/aruco_pose_estimation': CMAKE_PREFIX_PATH=/opt/ros/iron /usr/bin/cmake /home/patrickdew/aruco_d435/ros2-aruco-pose-estimation/aruco_pose_estimation -DAMENT_CMAKE_SYMLINK_INSTALL=1 -DCMAKE_INSTALL_PREFIX=/home/patrickdew/aruco_d435/ros2-aruco-pose-estimation/aruco_pose_estimation/install/aruco_pose_estimation
[0.068s] -- The C compiler identification is GNU 11.4.0
[0.113s] -- The CXX compiler identification is GNU 11.4.0
[0.121s] -- Detecting C compiler ABI info
[0.189s] -- Detecting C compiler ABI info - done
[0.195s] -- Check for working C compiler: /usr/bin/cc - skipped
[0.196s] -- Detecting C compile features
[0.196s] -- Detecting C compile features - done
[0.198s] -- Detecting CXX compiler ABI info
[0.289s] -- Detecting CXX compiler ABI info - done
[0.299s] -- Check for working CXX compiler: /usr/bin/c++ - skipped
[0.299s] -- Detecting CXX compile features
[0.300s] -- Detecting CXX compile features - done
[0.310s] -- Found ament_cmake: 2.0.7 (/opt/ros/iron/share/ament_cmake/cmake)
[0.483s] -- Found Python3: /usr/bin/python3.10 (found version "3.10.12") found components: Interpreter 
[0.540s] -- Override CMake install command with custom implementation using symlinks instead of copying resources
[0.563s] -- Found rclpy: 4.1.7 (/opt/ros/iron/share/rclpy/cmake)
[0.573s] [31mCMake Error at CMakeLists.txt:22 (find_package):
[0.573s]   By not providing "Findaruco_interfaces.cmake" in CMAKE_MODULE_PATH this
[0.573s]   project has asked CMake to find a package configuration file provided by
[0.573s]   "aruco_interfaces", but CMake did not find one.
[0.573s] 
[0.574s]   Could not find a package configuration file provided by "aruco_interfaces"
[0.574s]   with any of the following names:
[0.574s] 
[0.574s]     aruco_interfacesConfig.cmake
[0.574s]     aruco_interfaces-config.cmake
[0.574s] 
[0.574s]   Add the installation prefix of "aruco_interfaces" to CMAKE_PREFIX_PATH or
[0.574s]   set "aruco_interfaces_DIR" to a directory containing one of the above
[0.574s]   files.  If "aruco_interfaces" provides a separate development package or
[0.574s]   SDK, be sure it has been installed.
[0.574s] 
[0.574s] [0m
[0.574s] -- Configuring incomplete, errors occurred!
[0.574s] See also "/home/patrickdew/aruco_d435/ros2-aruco-pose-estimation/aruco_pose_estimation/build/aruco_pose_estimation/CMakeFiles/CMakeOutput.log".
[0.579s] Invoked command in '/home/patrickdew/aruco_d435/ros2-aruco-pose-estimation/aruco_pose_estimation/build/aruco_pose_estimation' returned '1': CMAKE_PREFIX_PATH=/opt/ros/iron /usr/bin/cmake /home/patrickdew/aruco_d435/ros2-aruco-pose-estimation/aruco_pose_estimation -DAMENT_CMAKE_SYMLINK_INSTALL=1 -DCMAKE_INSTALL_PREFIX=/home/patrickdew/aruco_d435/ros2-aruco-pose-estimation/aruco_pose_estimation/install/aruco_pose_estimation
