-- The C compiler identification is GNU 11.4.0
-- The CXX compiler identification is GNU 11.4.0
-- Detecting C compiler ABI info
-- Detecting C compiler ABI info - done
-- Check for working C compiler: /usr/bin/cc - skipped
-- Detecting C compile features
-- Detecting C compile features - done
-- Detecting CXX compiler ABI info
-- Detecting CXX compiler ABI info - done
-- Check for working CXX compiler: /usr/bin/c++ - skipped
-- Detecting CXX compile features
-- Detecting CXX compile features - done
-- Found ament_cmake: 2.0.7 (/opt/ros/iron/share/ament_cmake/cmake)
-- Found Python3: /usr/bin/python3.10 (found version "3.10.12") found components: Interpreter 
-- Override CMake install command with custom implementation using symlinks instead of copying resources
-- Found geometry_msgs: 5.0.1 (/opt/ros/iron/share/geometry_msgs/cmake)
-- Found rosidl_generator_c: 4.0.1 (/opt/ros/iron/share/rosidl_generator_c/cmake)
-- Found rosidl_generator_cpp: 4.0.1 (/opt/ros/iron/share/rosidl_generator_cpp/cmake)
-- Using all available rosidl_typesupport_c: rosidl_typesupport_fastrtps_c;rosidl_typesupport_introspection_c
-- Using all available rosidl_typesupport_cpp: rosidl_typesupport_fastrtps_cpp;rosidl_typesupport_introspection_cpp
-- Found rosidl_default_generators: 1.5.0 (/opt/ros/iron/share/rosidl_default_generators/cmake)
-- Found rosidl_adapter: 4.0.1 (/opt/ros/iron/share/rosidl_adapter/cmake)
-- Found ament_cmake_ros: 0.11.2 (/opt/ros/iron/share/ament_cmake_ros/cmake)
-- Using all available rosidl_typesupport_c: rosidl_typesupport_fastrtps_c;rosidl_typesupport_introspection_c
-- Using all available rosidl_typesupport_cpp: rosidl_typesupport_fastrtps_cpp;rosidl_typesupport_introspection_cpp
-- Found PythonInterp: /usr/bin/python3 (found suitable version "3.10.12", minimum required is "3.6") 
-- Found python_cmake_module: 0.10.2 (/opt/ros/iron/share/python_cmake_module/cmake)
-- Found PythonLibs: /usr/lib/x86_64-linux-gnu/libpython3.10.so (found suitable version "3.10.12", minimum required is "3.5") 
-- Using PYTHON_EXECUTABLE: /usr/bin/python3
-- Using PYTHON_INCLUDE_DIRS: /usr/include/python3.10
-- Using PYTHON_LIBRARIES: /usr/lib/x86_64-linux-gnu/libpython3.10.so
-- Found PythonExtra: .so  
-- Found ament_lint_auto: 0.14.4 (/opt/ros/iron/share/ament_lint_auto/cmake)
-- Added test 'copyright' to check source files copyright and LICENSE
-- Added test 'cppcheck' to perform static code analysis on C / C++ code
-- Configured cppcheck include dirs: $<BUILD_INTERFACE:/home/patrickdew/aruco_d435/ros2-aruco-pose-estimation/aruco_interfaces/build/aruco_interfaces/rosidl_generator_c>;$<BUILD_INTERFACE:/home/patrickdew/aruco_d435/ros2-aruco-pose-estimation/aruco_interfaces/build/aruco_interfaces/rosidl_typesupport_fastrtps_c>;$<BUILD_INTERFACE:/home/patrickdew/aruco_d435/ros2-aruco-pose-estimation/aruco_interfaces/build/aruco_interfaces/rosidl_generator_cpp>;$<BUILD_INTERFACE:/home/patrickdew/aruco_d435/ros2-aruco-pose-estimation/aruco_interfaces/build/aruco_interfaces/rosidl_typesupport_fastrtps_cpp>;$<BUILD_INTERFACE:/home/patrickdew/aruco_d435/ros2-aruco-pose-estimation/aruco_interfaces/build/aruco_interfaces/rosidl_typesupport_introspection_c>;$<BUILD_INTERFACE:/home/patrickdew/aruco_d435/ros2-aruco-pose-estimation/aruco_interfaces/build/aruco_interfaces/rosidl_typesupport_introspection_cpp>;/home/patrickdew/aruco_d435/ros2-aruco-pose-estimation/aruco_interfaces/build/aruco_interfaces/rosidl_generator_c;/home/patrickdew/aruco_d435/ros2-aruco-pose-estimation/aruco_interfaces/build/aruco_interfaces/rosidl_generator_py
-- Configured cppcheck exclude dirs and/or files: 
-- Added test 'cpplint' to check C / C++ code against the Google style
-- Configured cpplint exclude dirs and/or files: 
-- Added test 'flake8' to check Python code syntax and style conventions
-- Configured 'flake8' exclude dirs and/or files: 
-- Added test 'lint_cmake' to check CMake code style
-- Added test 'pep257' to check Python code against some of the docstring style conventions in PEP 257
-- Added test 'uncrustify' to check C / C++ code style
-- Configured uncrustify additional arguments: 
-- Added test 'xmllint' to check XML markup files
-- Configuring done
-- Generating done
-- Build files have been written to: /home/patrickdew/aruco_d435/ros2-aruco-pose-estimation/aruco_interfaces/build/aruco_interfaces
[  2%] [34m[1mGenerating type hashes for ROS interfaces[0m
[  2%] Built target ament_cmake_python_symlink_aruco_interfaces
[  2%] Built target aruco_interfaces__rosidl_generator_type_description
[  5%] [34m[1mGenerating C code for ROS interfaces[0m
[  8%] [34m[1mGenerating C++ code for ROS interfaces[0m
running egg_info
creating aruco_interfaces.egg-info
writing aruco_interfaces.egg-info/PKG-INFO
writing dependency_links to aruco_interfaces.egg-info/dependency_links.txt
writing top-level names to aruco_interfaces.egg-info/top_level.txt
writing manifest file 'aruco_interfaces.egg-info/SOURCES.txt'
reading manifest file 'aruco_interfaces.egg-info/SOURCES.txt'
writing manifest file 'aruco_interfaces.egg-info/SOURCES.txt'
[  8%] Built target ament_cmake_python_build_aruco_interfaces_egg
[  8%] Built target aruco_interfaces__cpp
[ 11%] [32mBuilding C object CMakeFiles/aruco_interfaces__rosidl_generator_c.dir/rosidl_generator_c/aruco_interfaces/msg/detail/aruco_markers__functions.c.o[0m
[ 14%] [32mBuilding C object CMakeFiles/aruco_interfaces__rosidl_generator_c.dir/rosidl_generator_c/aruco_interfaces/msg/detail/aruco_markers__description.c.o[0m
[ 17%] [32mBuilding C object CMakeFiles/aruco_interfaces__rosidl_generator_c.dir/rosidl_generator_c/aruco_interfaces/msg/detail/aruco_markers__type_support.c.o[0m
[ 20%] [32m[1mLinking C shared library libaruco_interfaces__rosidl_generator_c.so[0m
[ 20%] Built target aruco_interfaces__rosidl_generator_c
[ 23%] [34m[1mGenerating C++ type support dispatch for ROS interfaces[0m
[ 26%] [34m[1mGenerating C++ introspection for ROS interfaces[0m
[ 29%] [34m[1mGenerating C introspection for ROS interfaces[0m
[ 32%] [34m[1mGenerating C++ type support for eProsima Fast-RTPS[0m
[ 35%] [34m[1mGenerating C type support for eProsima Fast-RTPS[0m
[ 38%] [34m[1mGenerating C type support dispatch for ROS interfaces[0m
[ 41%] [32mBuilding CXX object CMakeFiles/aruco_interfaces__rosidl_typesupport_cpp.dir/rosidl_typesupport_cpp/aruco_interfaces/msg/aruco_markers__type_support.cpp.o[0m
[ 44%] [32mBuilding CXX object CMakeFiles/aruco_interfaces__rosidl_typesupport_c.dir/rosidl_typesupport_c/aruco_interfaces/msg/aruco_markers__type_support.cpp.o[0m
[ 47%] [32mBuilding C object CMakeFiles/aruco_interfaces__rosidl_typesupport_introspection_c.dir/rosidl_typesupport_introspection_c/aruco_interfaces/msg/detail/aruco_markers__type_support.c.o[0m
[ 50%] [32mBuilding CXX object CMakeFiles/aruco_interfaces__rosidl_typesupport_introspection_cpp.dir/rosidl_typesupport_introspection_cpp/aruco_interfaces/msg/detail/aruco_markers__type_support.cpp.o[0m
[ 52%] [32mBuilding CXX object CMakeFiles/aruco_interfaces__rosidl_typesupport_fastrtps_c.dir/rosidl_typesupport_fastrtps_c/aruco_interfaces/msg/detail/aruco_markers__type_support_c.cpp.o[0m
[ 55%] [32mBuilding CXX object CMakeFiles/aruco_interfaces__rosidl_typesupport_fastrtps_cpp.dir/rosidl_typesupport_fastrtps_cpp/aruco_interfaces/msg/detail/dds_fastrtps/aruco_markers__type_support.cpp.o[0m
[ 58%] [32m[1mLinking CXX shared library libaruco_interfaces__rosidl_typesupport_c.so[0m
[ 61%] [32m[1mLinking C shared library libaruco_interfaces__rosidl_typesupport_introspection_c.so[0m
[ 61%] Built target aruco_interfaces__rosidl_typesupport_c
[ 61%] Built target aruco_interfaces__rosidl_typesupport_introspection_c
[ 64%] [32m[1mLinking CXX shared library libaruco_interfaces__rosidl_typesupport_fastrtps_c.so[0m
[ 67%] [32m[1mLinking CXX shared library libaruco_interfaces__rosidl_typesupport_cpp.so[0m
[ 67%] Built target aruco_interfaces__rosidl_typesupport_cpp
[ 67%] Built target aruco_interfaces__rosidl_typesupport_fastrtps_c
[ 70%] [32m[1mLinking CXX shared library libaruco_interfaces__rosidl_typesupport_introspection_cpp.so[0m
[ 70%] Built target aruco_interfaces__rosidl_typesupport_introspection_cpp
[ 73%] [32m[1mLinking CXX shared library libaruco_interfaces__rosidl_typesupport_fastrtps_cpp.so[0m
[ 73%] Built target aruco_interfaces__rosidl_typesupport_fastrtps_cpp
[ 73%] Built target aruco_interfaces
[ 76%] [34m[1mGenerating Python code for ROS interfaces[0m
[ 76%] Built target aruco_interfaces__py
[ 79%] [32mBuilding C object CMakeFiles/aruco_interfaces__rosidl_generator_py.dir/rosidl_generator_py/aruco_interfaces/msg/_aruco_markers_s.c.o[0m
[ 82%] [32m[1mLinking C shared library rosidl_generator_py/aruco_interfaces/libaruco_interfaces__rosidl_generator_py.so[0m
[ 82%] Built target aruco_interfaces__rosidl_generator_py
[ 85%] [32mBuilding C object CMakeFiles/aruco_interfaces__rosidl_typesupport_fastrtps_c__pyext.dir/rosidl_generator_py/aruco_interfaces/_aruco_interfaces_s.ep.rosidl_typesupport_fastrtps_c.c.o[0m
[ 88%] [32mBuilding C object CMakeFiles/aruco_interfaces__rosidl_typesupport_introspection_c__pyext.dir/rosidl_generator_py/aruco_interfaces/_aruco_interfaces_s.ep.rosidl_typesupport_introspection_c.c.o[0m
[ 91%] [32mBuilding C object CMakeFiles/aruco_interfaces__rosidl_typesupport_c__pyext.dir/rosidl_generator_py/aruco_interfaces/_aruco_interfaces_s.ep.rosidl_typesupport_c.c.o[0m
[ 94%] [32m[1mLinking C shared library rosidl_generator_py/aruco_interfaces/aruco_interfaces_s__rosidl_typesupport_introspection_c.cpython-310-x86_64-linux-gnu.so[0m
[ 97%] [32m[1mLinking C shared library rosidl_generator_py/aruco_interfaces/aruco_interfaces_s__rosidl_typesupport_c.cpython-310-x86_64-linux-gnu.so[0m
[100%] [32m[1mLinking C shared library rosidl_generator_py/aruco_interfaces/aruco_interfaces_s__rosidl_typesupport_fastrtps_c.cpython-310-x86_64-linux-gnu.so[0m
[100%] Built target aruco_interfaces__rosidl_typesupport_introspection_c__pyext
[100%] Built target aruco_interfaces__rosidl_typesupport_fastrtps_c__pyext
[100%] Built target aruco_interfaces__rosidl_typesupport_c__pyext
-- Install configuration: ""
-- Execute custom install script
-- Symlinking: /home/patrickdew/aruco_d435/ros2-aruco-pose-estimation/aruco_interfaces/install/aruco_interfaces/share/ament_index/resource_index/rosidl_interfaces/aruco_interfaces
-- Symlinking: /home/patrickdew/aruco_d435/ros2-aruco-pose-estimation/aruco_interfaces/install/aruco_interfaces/share/aruco_interfaces/msg/ArucoMarkers.json
-- Symlinking: /home/patrickdew/aruco_d435/ros2-aruco-pose-estimation/aruco_interfaces/install/aruco_interfaces/include/aruco_interfaces/aruco_interfaces/msg/aruco_markers.h
-- Symlinking: /home/patrickdew/aruco_d435/ros2-aruco-pose-estimation/aruco_interfaces/install/aruco_interfaces/include/aruco_interfaces/aruco_interfaces/msg/detail/aruco_markers__functions.h
-- Symlinking: /home/patrickdew/aruco_d435/ros2-aruco-pose-estimation/aruco_interfaces/install/aruco_interfaces/include/aruco_interfaces/aruco_interfaces/msg/detail/aruco_markers__struct.h
-- Symlinking: /home/patrickdew/aruco_d435/ros2-aruco-pose-estimation/aruco_interfaces/install/aruco_interfaces/include/aruco_interfaces/aruco_interfaces/msg/detail/aruco_markers__type_support.h
-- Symlinking: /home/patrickdew/aruco_d435/ros2-aruco-pose-estimation/aruco_interfaces/install/aruco_interfaces/include/aruco_interfaces/aruco_interfaces/msg/rosidl_generator_c__visibility_control.h
-- Symlinking: /home/patrickdew/aruco_d435/ros2-aruco-pose-estimation/aruco_interfaces/install/aruco_interfaces/share/aruco_interfaces/environment/library_path.sh
-- Symlinking: /home/patrickdew/aruco_d435/ros2-aruco-pose-estimation/aruco_interfaces/install/aruco_interfaces/share/aruco_interfaces/environment/library_path.dsv
-- Symlinking: /home/patrickdew/aruco_d435/ros2-aruco-pose-estimation/aruco_interfaces/install/aruco_interfaces/include/aruco_interfaces/aruco_interfaces/msg/detail/aruco_markers__rosidl_typesupport_fastrtps_c.h
-- Symlinking: /home/patrickdew/aruco_d435/ros2-aruco-pose-estimation/aruco_interfaces/install/aruco_interfaces/include/aruco_interfaces/aruco_interfaces/msg/rosidl_typesupport_fastrtps_c__visibility_control.h
-- Symlinking: /home/patrickdew/aruco_d435/ros2-aruco-pose-estimation/aruco_interfaces/install/aruco_interfaces/include/aruco_interfaces/aruco_interfaces/msg/aruco_markers.hpp
-- Symlinking: /home/patrickdew/aruco_d435/ros2-aruco-pose-estimation/aruco_interfaces/install/aruco_interfaces/include/aruco_interfaces/aruco_interfaces/msg/detail/aruco_markers__builder.hpp
-- Symlinking: /home/patrickdew/aruco_d435/ros2-aruco-pose-estimation/aruco_interfaces/install/aruco_interfaces/include/aruco_interfaces/aruco_interfaces/msg/detail/aruco_markers__struct.hpp
-- Symlinking: /home/patrickdew/aruco_d435/ros2-aruco-pose-estimation/aruco_interfaces/install/aruco_interfaces/include/aruco_interfaces/aruco_interfaces/msg/detail/aruco_markers__traits.hpp
-- Symlinking: /home/patrickdew/aruco_d435/ros2-aruco-pose-estimation/aruco_interfaces/install/aruco_interfaces/include/aruco_interfaces/aruco_interfaces/msg/detail/aruco_markers__rosidl_typesupport_fastrtps_cpp.hpp
-- Symlinking: /home/patrickdew/aruco_d435/ros2-aruco-pose-estimation/aruco_interfaces/install/aruco_interfaces/include/aruco_interfaces/aruco_interfaces/msg/rosidl_typesupport_fastrtps_cpp__visibility_control.h
-- Symlinking: /home/patrickdew/aruco_d435/ros2-aruco-pose-estimation/aruco_interfaces/install/aruco_interfaces/include/aruco_interfaces/aruco_interfaces/msg/detail/aruco_markers__rosidl_typesupport_introspection_c.h
-- Symlinking: /home/patrickdew/aruco_d435/ros2-aruco-pose-estimation/aruco_interfaces/install/aruco_interfaces/include/aruco_interfaces/aruco_interfaces/msg/rosidl_typesupport_introspection_c__visibility_control.h
-- Symlinking: /home/patrickdew/aruco_d435/ros2-aruco-pose-estimation/aruco_interfaces/install/aruco_interfaces/include/aruco_interfaces/aruco_interfaces/msg/detail/aruco_markers__rosidl_typesupport_introspection_cpp.hpp
-- Symlinking: /home/patrickdew/aruco_d435/ros2-aruco-pose-estimation/aruco_interfaces/install/aruco_interfaces/share/aruco_interfaces/environment/pythonpath.sh
-- Symlinking: /home/patrickdew/aruco_d435/ros2-aruco-pose-estimation/aruco_interfaces/install/aruco_interfaces/share/aruco_interfaces/environment/pythonpath.dsv
-- Symlinking: /home/patrickdew/aruco_d435/ros2-aruco-pose-estimation/aruco_interfaces/install/aruco_interfaces/lib/python3.10/site-packages/aruco_interfaces-0.1.0-py3.10.egg-info/PKG-INFO
-- Symlinking: /home/patrickdew/aruco_d435/ros2-aruco-pose-estimation/aruco_interfaces/install/aruco_interfaces/lib/python3.10/site-packages/aruco_interfaces-0.1.0-py3.10.egg-info/SOURCES.txt
-- Symlinking: /home/patrickdew/aruco_d435/ros2-aruco-pose-estimation/aruco_interfaces/install/aruco_interfaces/lib/python3.10/site-packages/aruco_interfaces-0.1.0-py3.10.egg-info/dependency_links.txt
-- Symlinking: /home/patrickdew/aruco_d435/ros2-aruco-pose-estimation/aruco_interfaces/install/aruco_interfaces/lib/python3.10/site-packages/aruco_interfaces-0.1.0-py3.10.egg-info/top_level.txt
-- Symlinking: /home/patrickdew/aruco_d435/ros2-aruco-pose-estimation/aruco_interfaces/install/aruco_interfaces/lib/python3.10/site-packages/aruco_interfaces/__init__.py
-- Symlinking: /home/patrickdew/aruco_d435/ros2-aruco-pose-estimation/aruco_interfaces/install/aruco_interfaces/lib/python3.10/site-packages/aruco_interfaces/_aruco_interfaces_s.ep.rosidl_typesupport_c.c
-- Symlinking: /home/patrickdew/aruco_d435/ros2-aruco-pose-estimation/aruco_interfaces/install/aruco_interfaces/lib/python3.10/site-packages/aruco_interfaces/_aruco_interfaces_s.ep.rosidl_typesupport_fastrtps_c.c
-- Symlinking: /home/patrickdew/aruco_d435/ros2-aruco-pose-estimation/aruco_interfaces/install/aruco_interfaces/lib/python3.10/site-packages/aruco_interfaces/_aruco_interfaces_s.ep.rosidl_typesupport_introspection_c.c
-- Symlinking: /home/patrickdew/aruco_d435/ros2-aruco-pose-estimation/aruco_interfaces/install/aruco_interfaces/lib/python3.10/site-packages/aruco_interfaces/aruco_interfaces_s__rosidl_typesupport_c.cpython-310-x86_64-linux-gnu.so
-- Symlinking: /home/patrickdew/aruco_d435/ros2-aruco-pose-estimation/aruco_interfaces/install/aruco_interfaces/lib/python3.10/site-packages/aruco_interfaces/aruco_interfaces_s__rosidl_typesupport_fastrtps_c.cpython-310-x86_64-linux-gnu.so
-- Symlinking: /home/patrickdew/aruco_d435/ros2-aruco-pose-estimation/aruco_interfaces/install/aruco_interfaces/lib/python3.10/site-packages/aruco_interfaces/aruco_interfaces_s__rosidl_typesupport_introspection_c.cpython-310-x86_64-linux-gnu.so
-- Symlinking: /home/patrickdew/aruco_d435/ros2-aruco-pose-estimation/aruco_interfaces/install/aruco_interfaces/lib/python3.10/site-packages/aruco_interfaces/libaruco_interfaces__rosidl_generator_py.so
-- Symlinking: /home/patrickdew/aruco_d435/ros2-aruco-pose-estimation/aruco_interfaces/install/aruco_interfaces/lib/python3.10/site-packages/aruco_interfaces/msg/__init__.py
-- Symlinking: /home/patrickdew/aruco_d435/ros2-aruco-pose-estimation/aruco_interfaces/install/aruco_interfaces/lib/python3.10/site-packages/aruco_interfaces/msg/_aruco_markers.py
-- Symlinking: /home/patrickdew/aruco_d435/ros2-aruco-pose-estimation/aruco_interfaces/install/aruco_interfaces/lib/python3.10/site-packages/aruco_interfaces/msg/_aruco_markers_s.c
-- Up-to-date symlink: /home/patrickdew/aruco_d435/ros2-aruco-pose-estimation/aruco_interfaces/install/aruco_interfaces/lib/python3.10/site-packages/aruco_interfaces/aruco_interfaces_s__rosidl_typesupport_fastrtps_c.cpython-310-x86_64-linux-gnu.so
-- Up-to-date symlink: /home/patrickdew/aruco_d435/ros2-aruco-pose-estimation/aruco_interfaces/install/aruco_interfaces/lib/python3.10/site-packages/aruco_interfaces/aruco_interfaces_s__rosidl_typesupport_introspection_c.cpython-310-x86_64-linux-gnu.so
-- Up-to-date symlink: /home/patrickdew/aruco_d435/ros2-aruco-pose-estimation/aruco_interfaces/install/aruco_interfaces/lib/python3.10/site-packages/aruco_interfaces/aruco_interfaces_s__rosidl_typesupport_c.cpython-310-x86_64-linux-gnu.so
-- Symlinking: /home/patrickdew/aruco_d435/ros2-aruco-pose-estimation/aruco_interfaces/install/aruco_interfaces/share/aruco_interfaces/msg/ArucoMarkers.idl
-- Symlinking: /home/patrickdew/aruco_d435/ros2-aruco-pose-estimation/aruco_interfaces/install/aruco_interfaces/share/aruco_interfaces/msg/ArucoMarkers.msg
-- Symlinking: /home/patrickdew/aruco_d435/ros2-aruco-pose-estimation/aruco_interfaces/install/aruco_interfaces/share/ament_index/resource_index/package_run_dependencies/aruco_interfaces
-- Symlinking: /home/patrickdew/aruco_d435/ros2-aruco-pose-estimation/aruco_interfaces/install/aruco_interfaces/share/ament_index/resource_index/parent_prefix_path/aruco_interfaces
-- Symlinking: /home/patrickdew/aruco_d435/ros2-aruco-pose-estimation/aruco_interfaces/install/aruco_interfaces/share/aruco_interfaces/environment/ament_prefix_path.sh
-- Symlinking: /home/patrickdew/aruco_d435/ros2-aruco-pose-estimation/aruco_interfaces/install/aruco_interfaces/share/aruco_interfaces/environment/ament_prefix_path.dsv
-- Symlinking: /home/patrickdew/aruco_d435/ros2-aruco-pose-estimation/aruco_interfaces/install/aruco_interfaces/share/aruco_interfaces/environment/path.sh
-- Symlinking: /home/patrickdew/aruco_d435/ros2-aruco-pose-estimation/aruco_interfaces/install/aruco_interfaces/share/aruco_interfaces/environment/path.dsv
-- Symlinking: /home/patrickdew/aruco_d435/ros2-aruco-pose-estimation/aruco_interfaces/install/aruco_interfaces/share/aruco_interfaces/local_setup.bash
-- Symlinking: /home/patrickdew/aruco_d435/ros2-aruco-pose-estimation/aruco_interfaces/install/aruco_interfaces/share/aruco_interfaces/local_setup.sh
-- Symlinking: /home/patrickdew/aruco_d435/ros2-aruco-pose-estimation/aruco_interfaces/install/aruco_interfaces/share/aruco_interfaces/local_setup.zsh
-- Symlinking: /home/patrickdew/aruco_d435/ros2-aruco-pose-estimation/aruco_interfaces/install/aruco_interfaces/share/aruco_interfaces/local_setup.dsv
-- Symlinking: /home/patrickdew/aruco_d435/ros2-aruco-pose-estimation/aruco_interfaces/install/aruco_interfaces/share/aruco_interfaces/package.dsv
-- Symlinking: /home/patrickdew/aruco_d435/ros2-aruco-pose-estimation/aruco_interfaces/install/aruco_interfaces/share/ament_index/resource_index/packages/aruco_interfaces
-- Symlinking: /home/patrickdew/aruco_d435/ros2-aruco-pose-estimation/aruco_interfaces/install/aruco_interfaces/share/aruco_interfaces/cmake/rosidl_cmake-extras.cmake
-- Symlinking: /home/patrickdew/aruco_d435/ros2-aruco-pose-estimation/aruco_interfaces/install/aruco_interfaces/share/aruco_interfaces/cmake/ament_cmake_export_dependencies-extras.cmake
-- Symlinking: /home/patrickdew/aruco_d435/ros2-aruco-pose-estimation/aruco_interfaces/install/aruco_interfaces/share/aruco_interfaces/cmake/ament_cmake_export_include_directories-extras.cmake
-- Symlinking: /home/patrickdew/aruco_d435/ros2-aruco-pose-estimation/aruco_interfaces/install/aruco_interfaces/share/aruco_interfaces/cmake/ament_cmake_export_libraries-extras.cmake
-- Symlinking: /home/patrickdew/aruco_d435/ros2-aruco-pose-estimation/aruco_interfaces/install/aruco_interfaces/share/aruco_interfaces/cmake/ament_cmake_export_targets-extras.cmake
-- Symlinking: /home/patrickdew/aruco_d435/ros2-aruco-pose-estimation/aruco_interfaces/install/aruco_interfaces/share/aruco_interfaces/cmake/rosidl_cmake_export_typesupport_targets-extras.cmake
-- Symlinking: /home/patrickdew/aruco_d435/ros2-aruco-pose-estimation/aruco_interfaces/install/aruco_interfaces/share/aruco_interfaces/cmake/rosidl_cmake_export_typesupport_libraries-extras.cmake
-- Symlinking: /home/patrickdew/aruco_d435/ros2-aruco-pose-estimation/aruco_interfaces/install/aruco_interfaces/share/aruco_interfaces/cmake/aruco_interfacesConfig.cmake
-- Symlinking: /home/patrickdew/aruco_d435/ros2-aruco-pose-estimation/aruco_interfaces/install/aruco_interfaces/share/aruco_interfaces/cmake/aruco_interfacesConfig-version.cmake
-- Symlinking: /home/patrickdew/aruco_d435/ros2-aruco-pose-estimation/aruco_interfaces/install/aruco_interfaces/share/aruco_interfaces/package.xml
-- Installing: /home/patrickdew/aruco_d435/ros2-aruco-pose-estimation/aruco_interfaces/install/aruco_interfaces/lib/libaruco_interfaces__rosidl_generator_c.so
-- Set runtime path of "/home/patrickdew/aruco_d435/ros2-aruco-pose-estimation/aruco_interfaces/install/aruco_interfaces/lib/libaruco_interfaces__rosidl_generator_c.so" to ""
-- Installing: /home/patrickdew/aruco_d435/ros2-aruco-pose-estimation/aruco_interfaces/install/aruco_interfaces/lib/libaruco_interfaces__rosidl_typesupport_fastrtps_c.so
-- Set runtime path of "/home/patrickdew/aruco_d435/ros2-aruco-pose-estimation/aruco_interfaces/install/aruco_interfaces/lib/libaruco_interfaces__rosidl_typesupport_fastrtps_c.so" to ""
-- Installing: /home/patrickdew/aruco_d435/ros2-aruco-pose-estimation/aruco_interfaces/install/aruco_interfaces/lib/libaruco_interfaces__rosidl_typesupport_fastrtps_cpp.so
-- Set runtime path of "/home/patrickdew/aruco_d435/ros2-aruco-pose-estimation/aruco_interfaces/install/aruco_interfaces/lib/libaruco_interfaces__rosidl_typesupport_fastrtps_cpp.so" to ""
-- Installing: /home/patrickdew/aruco_d435/ros2-aruco-pose-estimation/aruco_interfaces/install/aruco_interfaces/lib/libaruco_interfaces__rosidl_typesupport_introspection_c.so
-- Set runtime path of "/home/patrickdew/aruco_d435/ros2-aruco-pose-estimation/aruco_interfaces/install/aruco_interfaces/lib/libaruco_interfaces__rosidl_typesupport_introspection_c.so" to ""
-- Installing: /home/patrickdew/aruco_d435/ros2-aruco-pose-estimation/aruco_interfaces/install/aruco_interfaces/lib/libaruco_interfaces__rosidl_typesupport_c.so
-- Set runtime path of "/home/patrickdew/aruco_d435/ros2-aruco-pose-estimation/aruco_interfaces/install/aruco_interfaces/lib/libaruco_interfaces__rosidl_typesupport_c.so" to ""
-- Installing: /home/patrickdew/aruco_d435/ros2-aruco-pose-estimation/aruco_interfaces/install/aruco_interfaces/lib/libaruco_interfaces__rosidl_typesupport_introspection_cpp.so
-- Set runtime path of "/home/patrickdew/aruco_d435/ros2-aruco-pose-estimation/aruco_interfaces/install/aruco_interfaces/lib/libaruco_interfaces__rosidl_typesupport_introspection_cpp.so" to ""
-- Installing: /home/patrickdew/aruco_d435/ros2-aruco-pose-estimation/aruco_interfaces/install/aruco_interfaces/lib/libaruco_interfaces__rosidl_typesupport_cpp.so
-- Set runtime path of "/home/patrickdew/aruco_d435/ros2-aruco-pose-estimation/aruco_interfaces/install/aruco_interfaces/lib/libaruco_interfaces__rosidl_typesupport_cpp.so" to ""
Listing '/home/patrickdew/aruco_d435/ros2-aruco-pose-estimation/aruco_interfaces/install/aruco_interfaces/lib/python3.10/site-packages/aruco_interfaces'...
Compiling '/home/patrickdew/aruco_d435/ros2-aruco-pose-estimation/aruco_interfaces/install/aruco_interfaces/lib/python3.10/site-packages/aruco_interfaces/__init__.py'...
Listing '/home/patrickdew/aruco_d435/ros2-aruco-pose-estimation/aruco_interfaces/install/aruco_interfaces/lib/python3.10/site-packages/aruco_interfaces/msg'...
Compiling '/home/patrickdew/aruco_d435/ros2-aruco-pose-estimation/aruco_interfaces/install/aruco_interfaces/lib/python3.10/site-packages/aruco_interfaces/msg/__init__.py'...
Compiling '/home/patrickdew/aruco_d435/ros2-aruco-pose-estimation/aruco_interfaces/install/aruco_interfaces/lib/python3.10/site-packages/aruco_interfaces/msg/_aruco_markers.py'...
-- Installing: /home/patrickdew/aruco_d435/ros2-aruco-pose-estimation/aruco_interfaces/install/aruco_interfaces/lib/libaruco_interfaces__rosidl_generator_py.so
-- Set runtime path of "/home/patrickdew/aruco_d435/ros2-aruco-pose-estimation/aruco_interfaces/install/aruco_interfaces/lib/libaruco_interfaces__rosidl_generator_py.so" to ""
-- Installing: /home/patrickdew/aruco_d435/ros2-aruco-pose-estimation/aruco_interfaces/install/aruco_interfaces/share/aruco_interfaces/cmake/export_aruco_interfaces__rosidl_generator_cExport.cmake
-- Installing: /home/patrickdew/aruco_d435/ros2-aruco-pose-estimation/aruco_interfaces/install/aruco_interfaces/share/aruco_interfaces/cmake/export_aruco_interfaces__rosidl_generator_cExport-noconfig.cmake
-- Installing: /home/patrickdew/aruco_d435/ros2-aruco-pose-estimation/aruco_interfaces/install/aruco_interfaces/share/aruco_interfaces/cmake/export_aruco_interfaces__rosidl_typesupport_fastrtps_cExport.cmake
-- Installing: /home/patrickdew/aruco_d435/ros2-aruco-pose-estimation/aruco_interfaces/install/aruco_interfaces/share/aruco_interfaces/cmake/export_aruco_interfaces__rosidl_typesupport_fastrtps_cExport-noconfig.cmake
-- Installing: /home/patrickdew/aruco_d435/ros2-aruco-pose-estimation/aruco_interfaces/install/aruco_interfaces/share/aruco_interfaces/cmake/export_aruco_interfaces__rosidl_generator_cppExport.cmake
-- Installing: /home/patrickdew/aruco_d435/ros2-aruco-pose-estimation/aruco_interfaces/install/aruco_interfaces/share/aruco_interfaces/cmake/export_aruco_interfaces__rosidl_typesupport_fastrtps_cppExport.cmake
-- Installing: /home/patrickdew/aruco_d435/ros2-aruco-pose-estimation/aruco_interfaces/install/aruco_interfaces/share/aruco_interfaces/cmake/export_aruco_interfaces__rosidl_typesupport_fastrtps_cppExport-noconfig.cmake
-- Installing: /home/patrickdew/aruco_d435/ros2-aruco-pose-estimation/aruco_interfaces/install/aruco_interfaces/share/aruco_interfaces/cmake/aruco_interfaces__rosidl_typesupport_introspection_cExport.cmake
-- Installing: /home/patrickdew/aruco_d435/ros2-aruco-pose-estimation/aruco_interfaces/install/aruco_interfaces/share/aruco_interfaces/cmake/aruco_interfaces__rosidl_typesupport_introspection_cExport-noconfig.cmake
-- Installing: /home/patrickdew/aruco_d435/ros2-aruco-pose-estimation/aruco_interfaces/install/aruco_interfaces/share/aruco_interfaces/cmake/aruco_interfaces__rosidl_typesupport_cExport.cmake
-- Installing: /home/patrickdew/aruco_d435/ros2-aruco-pose-estimation/aruco_interfaces/install/aruco_interfaces/share/aruco_interfaces/cmake/aruco_interfaces__rosidl_typesupport_cExport-noconfig.cmake
-- Installing: /home/patrickdew/aruco_d435/ros2-aruco-pose-estimation/aruco_interfaces/install/aruco_interfaces/share/aruco_interfaces/cmake/aruco_interfaces__rosidl_typesupport_introspection_cppExport.cmake
-- Installing: /home/patrickdew/aruco_d435/ros2-aruco-pose-estimation/aruco_interfaces/install/aruco_interfaces/share/aruco_interfaces/cmake/aruco_interfaces__rosidl_typesupport_introspection_cppExport-noconfig.cmake
-- Installing: /home/patrickdew/aruco_d435/ros2-aruco-pose-estimation/aruco_interfaces/install/aruco_interfaces/share/aruco_interfaces/cmake/aruco_interfaces__rosidl_typesupport_cppExport.cmake
-- Installing: /home/patrickdew/aruco_d435/ros2-aruco-pose-estimation/aruco_interfaces/install/aruco_interfaces/share/aruco_interfaces/cmake/aruco_interfaces__rosidl_typesupport_cppExport-noconfig.cmake
-- Installing: /home/patrickdew/aruco_d435/ros2-aruco-pose-estimation/aruco_interfaces/install/aruco_interfaces/share/aruco_interfaces/cmake/export_aruco_interfaces__rosidl_generator_pyExport.cmake
-- Installing: /home/patrickdew/aruco_d435/ros2-aruco-pose-estimation/aruco_interfaces/install/aruco_interfaces/share/aruco_interfaces/cmake/export_aruco_interfaces__rosidl_generator_pyExport-noconfig.cmake
