[0.008s] Invoking command in '/home/patrickdew/aruco_d435/ros2-aruco-pose-estimation/aruco_interfaces/build/aruco_interfaces': CMAKE_PREFIX_PATH=${CMAKE_PREFIX_PATH}:/opt/ros/iron /usr/bin/cmake /home/patrickdew/aruco_d435/ros2-aruco-pose-estimation/aruco_interfaces -DAMENT_CMAKE_SYMLINK_INSTALL=1 -DCMAKE_INSTALL_PREFIX=/home/patrickdew/aruco_d435/ros2-aruco-pose-estimation/aruco_interfaces/install/aruco_interfaces
[0.115s] -- The C compiler identification is GNU 11.4.0
[0.219s] -- The CXX compiler identification is GNU 11.4.0
[0.229s] -- Detecting C compiler ABI info
[0.324s] -- Detecting C compiler ABI info - done
[0.329s] -- Check for working C compiler: /usr/bin/cc - skipped
[0.329s] -- Detecting C compile features
[0.330s] -- Detecting C compile features - done
[0.332s] -- Detecting CXX compiler ABI info
[0.422s] -- Detecting CXX compiler ABI info - done
[0.427s] -- Check for working CXX compiler: /usr/bin/c++ - skipped
[0.427s] -- Detecting CXX compile features
[0.427s] -- Detecting CXX compile features - done
[0.429s] -- Found ament_cmake: 2.0.7 (/opt/ros/iron/share/ament_cmake/cmake)
[0.590s] -- Found Python3: /usr/bin/python3.10 (found version "3.10.12") found components: Interpreter 
[0.636s] -- Override CMake install command with custom implementation using symlinks instead of copying resources
[0.655s] -- Found geometry_msgs: 5.0.1 (/opt/ros/iron/share/geometry_msgs/cmake)
[0.681s] -- Found rosidl_generator_c: 4.0.1 (/opt/ros/iron/share/rosidl_generator_c/cmake)
[0.689s] -- Found rosidl_generator_cpp: 4.0.1 (/opt/ros/iron/share/rosidl_generator_cpp/cmake)
[0.700s] -- Using all available rosidl_typesupport_c: rosidl_typesupport_fastrtps_c;rosidl_typesupport_introspection_c
[0.713s] -- Using all available rosidl_typesupport_cpp: rosidl_typesupport_fastrtps_cpp;rosidl_typesupport_introspection_cpp
[0.783s] -- Found rosidl_default_generators: 1.5.0 (/opt/ros/iron/share/rosidl_default_generators/cmake)
[0.791s] -- Found rosidl_adapter: 4.0.1 (/opt/ros/iron/share/rosidl_adapter/cmake)
[1.044s] -- Found ament_cmake_ros: 0.11.2 (/opt/ros/iron/share/ament_cmake_ros/cmake)
[1.371s] -- Using all available rosidl_typesupport_c: rosidl_typesupport_fastrtps_c;rosidl_typesupport_introspection_c
[1.498s] -- Using all available rosidl_typesupport_cpp: rosidl_typesupport_fastrtps_cpp;rosidl_typesupport_introspection_cpp
[1.512s] -- Found PythonInterp: /usr/bin/python3 (found suitable version "3.10.12", minimum required is "3.6") 
[1.513s] -- Found python_cmake_module: 0.10.2 (/opt/ros/iron/share/python_cmake_module/cmake)
[1.532s] -- Found PythonLibs: /usr/lib/x86_64-linux-gnu/libpython3.10.so (found suitable version "3.10.12", minimum required is "3.5") 
[1.533s] -- Using PYTHON_EXECUTABLE: /usr/bin/python3
[1.533s] -- Using PYTHON_INCLUDE_DIRS: /usr/include/python3.10
[1.533s] -- Using PYTHON_LIBRARIES: /usr/lib/x86_64-linux-gnu/libpython3.10.so
[1.555s] -- Found PythonExtra: .so  
[1.599s] -- Found ament_lint_auto: 0.14.4 (/opt/ros/iron/share/ament_lint_auto/cmake)
[1.613s] -- Added test 'copyright' to check source files copyright and LICENSE
[1.617s] -- Added test 'cppcheck' to perform static code analysis on C / C++ code
[1.617s] -- Configured cppcheck include dirs: $<BUILD_INTERFACE:/home/patrickdew/aruco_d435/ros2-aruco-pose-estimation/aruco_interfaces/build/aruco_interfaces/rosidl_generator_c>;$<BUILD_INTERFACE:/home/patrickdew/aruco_d435/ros2-aruco-pose-estimation/aruco_interfaces/build/aruco_interfaces/rosidl_typesupport_fastrtps_c>;$<BUILD_INTERFACE:/home/patrickdew/aruco_d435/ros2-aruco-pose-estimation/aruco_interfaces/build/aruco_interfaces/rosidl_generator_cpp>;$<BUILD_INTERFACE:/home/patrickdew/aruco_d435/ros2-aruco-pose-estimation/aruco_interfaces/build/aruco_interfaces/rosidl_typesupport_fastrtps_cpp>;$<BUILD_INTERFACE:/home/patrickdew/aruco_d435/ros2-aruco-pose-estimation/aruco_interfaces/build/aruco_interfaces/rosidl_typesupport_introspection_c>;$<BUILD_INTERFACE:/home/patrickdew/aruco_d435/ros2-aruco-pose-estimation/aruco_interfaces/build/aruco_interfaces/rosidl_typesupport_introspection_cpp>;/home/patrickdew/aruco_d435/ros2-aruco-pose-estimation/aruco_interfaces/build/aruco_interfaces/rosidl_generator_c;/home/patrickdew/aruco_d435/ros2-aruco-pose-estimation/aruco_interfaces/build/aruco_interfaces/rosidl_generator_py
[1.617s] -- Configured cppcheck exclude dirs and/or files: 
[1.621s] -- Added test 'cpplint' to check C / C++ code against the Google style
[1.621s] -- Configured cpplint exclude dirs and/or files: 
[1.621s] -- Added test 'flake8' to check Python code syntax and style conventions
[1.621s] -- Configured 'flake8' exclude dirs and/or files: 
[1.622s] -- Added test 'lint_cmake' to check CMake code style
[1.623s] -- Added test 'pep257' to check Python code against some of the docstring style conventions in PEP 257
[1.626s] -- Added test 'uncrustify' to check C / C++ code style
[1.626s] -- Configured uncrustify additional arguments: 
[1.627s] -- Added test 'xmllint' to check XML markup files
[1.629s] -- Configuring done
[1.650s] -- Generating done
[1.658s] -- Build files have been written to: /home/patrickdew/aruco_d435/ros2-aruco-pose-estimation/aruco_interfaces/build/aruco_interfaces
[1.663s] Invoked command in '/home/patrickdew/aruco_d435/ros2-aruco-pose-estimation/aruco_interfaces/build/aruco_interfaces' returned '0': CMAKE_PREFIX_PATH=${CMAKE_PREFIX_PATH}:/opt/ros/iron /usr/bin/cmake /home/patrickdew/aruco_d435/ros2-aruco-pose-estimation/aruco_interfaces -DAMENT_CMAKE_SYMLINK_INSTALL=1 -DCMAKE_INSTALL_PREFIX=/home/patrickdew/aruco_d435/ros2-aruco-pose-estimation/aruco_interfaces/install/aruco_interfaces
[1.665s] Invoking command in '/home/patrickdew/aruco_d435/ros2-aruco-pose-estimation/aruco_interfaces/build/aruco_interfaces': CMAKE_PREFIX_PATH=${CMAKE_PREFIX_PATH}:/opt/ros/iron /usr/bin/cmake --build /home/patrickdew/aruco_d435/ros2-aruco-pose-estimation/aruco_interfaces/build/aruco_interfaces -- -j24 -l24
[1.719s] [  2%] [34m[1mGenerating type hashes for ROS interfaces[0m
[1.732s] [  2%] Built target ament_cmake_python_symlink_aruco_interfaces
[1.863s] [  2%] Built target aruco_interfaces__rosidl_generator_type_description
[1.874s] [  5%] [34m[1mGenerating C code for ROS interfaces[0m
[1.880s] [  8%] [34m[1mGenerating C++ code for ROS interfaces[0m
[1.901s] running egg_info
[1.901s] creating aruco_interfaces.egg-info
[1.901s] writing aruco_interfaces.egg-info/PKG-INFO
[1.902s] writing dependency_links to aruco_interfaces.egg-info/dependency_links.txt
[1.902s] writing top-level names to aruco_interfaces.egg-info/top_level.txt
[1.902s] writing manifest file 'aruco_interfaces.egg-info/SOURCES.txt'
[1.903s] reading manifest file 'aruco_interfaces.egg-info/SOURCES.txt'
[1.903s] writing manifest file 'aruco_interfaces.egg-info/SOURCES.txt'
[1.923s] [  8%] Built target ament_cmake_python_build_aruco_interfaces_egg
[2.038s] [  8%] Built target aruco_interfaces__cpp
[2.058s] [ 11%] [32mBuilding C object CMakeFiles/aruco_interfaces__rosidl_generator_c.dir/rosidl_generator_c/aruco_interfaces/msg/detail/aruco_markers__functions.c.o[0m
[2.058s] [ 14%] [32mBuilding C object CMakeFiles/aruco_interfaces__rosidl_generator_c.dir/rosidl_generator_c/aruco_interfaces/msg/detail/aruco_markers__description.c.o[0m
[2.059s] [ 17%] [32mBuilding C object CMakeFiles/aruco_interfaces__rosidl_generator_c.dir/rosidl_generator_c/aruco_interfaces/msg/detail/aruco_markers__type_support.c.o[0m
[2.117s] [ 20%] [32m[1mLinking C shared library libaruco_interfaces__rosidl_generator_c.so[0m
[2.158s] [ 20%] Built target aruco_interfaces__rosidl_generator_c
[2.165s] [ 23%] [34m[1mGenerating C++ type support dispatch for ROS interfaces[0m
[2.166s] [ 26%] [34m[1mGenerating C++ introspection for ROS interfaces[0m
[2.167s] [ 29%] [34m[1mGenerating C introspection for ROS interfaces[0m
[2.168s] [ 32%] [34m[1mGenerating C++ type support for eProsima Fast-RTPS[0m
[2.169s] [ 35%] [34m[1mGenerating C type support for eProsima Fast-RTPS[0m
[2.169s] [ 38%] [34m[1mGenerating C type support dispatch for ROS interfaces[0m
[2.331s] [ 41%] [32mBuilding CXX object CMakeFiles/aruco_interfaces__rosidl_typesupport_cpp.dir/rosidl_typesupport_cpp/aruco_interfaces/msg/aruco_markers__type_support.cpp.o[0m
[2.332s] [ 44%] [32mBuilding CXX object CMakeFiles/aruco_interfaces__rosidl_typesupport_c.dir/rosidl_typesupport_c/aruco_interfaces/msg/aruco_markers__type_support.cpp.o[0m
[2.339s] [ 47%] [32mBuilding C object CMakeFiles/aruco_interfaces__rosidl_typesupport_introspection_c.dir/rosidl_typesupport_introspection_c/aruco_interfaces/msg/detail/aruco_markers__type_support.c.o[0m
[2.340s] [ 50%] [32mBuilding CXX object CMakeFiles/aruco_interfaces__rosidl_typesupport_introspection_cpp.dir/rosidl_typesupport_introspection_cpp/aruco_interfaces/msg/detail/aruco_markers__type_support.cpp.o[0m
[2.345s] [ 52%] [32mBuilding CXX object CMakeFiles/aruco_interfaces__rosidl_typesupport_fastrtps_c.dir/rosidl_typesupport_fastrtps_c/aruco_interfaces/msg/detail/aruco_markers__type_support_c.cpp.o[0m
[2.346s] [ 55%] [32mBuilding CXX object CMakeFiles/aruco_interfaces__rosidl_typesupport_fastrtps_cpp.dir/rosidl_typesupport_fastrtps_cpp/aruco_interfaces/msg/detail/dds_fastrtps/aruco_markers__type_support.cpp.o[0m
[2.364s] [ 58%] [32m[1mLinking CXX shared library libaruco_interfaces__rosidl_typesupport_c.so[0m
[2.380s] [ 61%] [32m[1mLinking C shared library libaruco_interfaces__rosidl_typesupport_introspection_c.so[0m
[2.396s] [ 61%] Built target aruco_interfaces__rosidl_typesupport_c
[2.407s] [ 61%] Built target aruco_interfaces__rosidl_typesupport_introspection_c
[2.566s] [ 64%] [32m[1mLinking CXX shared library libaruco_interfaces__rosidl_typesupport_fastrtps_c.so[0m
[2.586s] [ 67%] [32m[1mLinking CXX shared library libaruco_interfaces__rosidl_typesupport_cpp.so[0m
[2.618s] [ 67%] Built target aruco_interfaces__rosidl_typesupport_cpp
[2.621s] [ 67%] Built target aruco_interfaces__rosidl_typesupport_fastrtps_c
[2.631s] [ 70%] [32m[1mLinking CXX shared library libaruco_interfaces__rosidl_typesupport_introspection_cpp.so[0m
[2.685s] [ 70%] Built target aruco_interfaces__rosidl_typesupport_introspection_cpp
[2.698s] [ 73%] [32m[1mLinking CXX shared library libaruco_interfaces__rosidl_typesupport_fastrtps_cpp.so[0m
[2.768s] [ 73%] Built target aruco_interfaces__rosidl_typesupport_fastrtps_cpp
[2.790s] [ 73%] Built target aruco_interfaces
[2.816s] [ 76%] [34m[1mGenerating Python code for ROS interfaces[0m
[3.011s] [ 76%] Built target aruco_interfaces__py
[3.028s] [ 79%] [32mBuilding C object CMakeFiles/aruco_interfaces__rosidl_generator_py.dir/rosidl_generator_py/aruco_interfaces/msg/_aruco_markers_s.c.o[0m
[3.139s] [ 82%] [32m[1mLinking C shared library rosidl_generator_py/aruco_interfaces/libaruco_interfaces__rosidl_generator_py.so[0m
[3.184s] [ 82%] Built target aruco_interfaces__rosidl_generator_py
[3.215s] [ 85%] [32mBuilding C object CMakeFiles/aruco_interfaces__rosidl_typesupport_fastrtps_c__pyext.dir/rosidl_generator_py/aruco_interfaces/_aruco_interfaces_s.ep.rosidl_typesupport_fastrtps_c.c.o[0m
[3.215s] [ 88%] [32mBuilding C object CMakeFiles/aruco_interfaces__rosidl_typesupport_introspection_c__pyext.dir/rosidl_generator_py/aruco_interfaces/_aruco_interfaces_s.ep.rosidl_typesupport_introspection_c.c.o[0m
[3.216s] [ 91%] [32mBuilding C object CMakeFiles/aruco_interfaces__rosidl_typesupport_c__pyext.dir/rosidl_generator_py/aruco_interfaces/_aruco_interfaces_s.ep.rosidl_typesupport_c.c.o[0m
[3.289s] [ 94%] [32m[1mLinking C shared library rosidl_generator_py/aruco_interfaces/aruco_interfaces_s__rosidl_typesupport_introspection_c.cpython-310-x86_64-linux-gnu.so[0m
[3.289s] [ 97%] [32m[1mLinking C shared library rosidl_generator_py/aruco_interfaces/aruco_interfaces_s__rosidl_typesupport_c.cpython-310-x86_64-linux-gnu.so[0m
[3.289s] [100%] [32m[1mLinking C shared library rosidl_generator_py/aruco_interfaces/aruco_interfaces_s__rosidl_typesupport_fastrtps_c.cpython-310-x86_64-linux-gnu.so[0m
[3.320s] [100%] Built target aruco_interfaces__rosidl_typesupport_introspection_c__pyext
[3.321s] [100%] Built target aruco_interfaces__rosidl_typesupport_fastrtps_c__pyext
[3.322s] [100%] Built target aruco_interfaces__rosidl_typesupport_c__pyext
[3.330s] Invoked command in '/home/patrickdew/aruco_d435/ros2-aruco-pose-estimation/aruco_interfaces/build/aruco_interfaces' returned '0': CMAKE_PREFIX_PATH=${CMAKE_PREFIX_PATH}:/opt/ros/iron /usr/bin/cmake --build /home/patrickdew/aruco_d435/ros2-aruco-pose-estimation/aruco_interfaces/build/aruco_interfaces -- -j24 -l24
[3.336s] Invoking command in '/home/patrickdew/aruco_d435/ros2-aruco-pose-estimation/aruco_interfaces/build/aruco_interfaces': CMAKE_PREFIX_PATH=${CMAKE_PREFIX_PATH}:/opt/ros/iron /usr/bin/cmake --install /home/patrickdew/aruco_d435/ros2-aruco-pose-estimation/aruco_interfaces/build/aruco_interfaces
[3.342s] -- Install configuration: ""
[3.343s] -- Execute custom install script
[3.343s] -- Symlinking: /home/patrickdew/aruco_d435/ros2-aruco-pose-estimation/aruco_interfaces/install/aruco_interfaces/share/ament_index/resource_index/rosidl_interfaces/aruco_interfaces
[3.355s] -- Symlinking: /home/patrickdew/aruco_d435/ros2-aruco-pose-estimation/aruco_interfaces/install/aruco_interfaces/share/aruco_interfaces/msg/ArucoMarkers.json
[3.365s] -- Symlinking: /home/patrickdew/aruco_d435/ros2-aruco-pose-estimation/aruco_interfaces/install/aruco_interfaces/include/aruco_interfaces/aruco_interfaces/msg/aruco_markers.h
[3.375s] -- Symlinking: /home/patrickdew/aruco_d435/ros2-aruco-pose-estimation/aruco_interfaces/install/aruco_interfaces/include/aruco_interfaces/aruco_interfaces/msg/detail/aruco_markers__functions.h
[3.389s] -- Symlinking: /home/patrickdew/aruco_d435/ros2-aruco-pose-estimation/aruco_interfaces/install/aruco_interfaces/include/aruco_interfaces/aruco_interfaces/msg/detail/aruco_markers__struct.h
[3.400s] -- Symlinking: /home/patrickdew/aruco_d435/ros2-aruco-pose-estimation/aruco_interfaces/install/aruco_interfaces/include/aruco_interfaces/aruco_interfaces/msg/detail/aruco_markers__type_support.h
[3.412s] -- Symlinking: /home/patrickdew/aruco_d435/ros2-aruco-pose-estimation/aruco_interfaces/install/aruco_interfaces/include/aruco_interfaces/aruco_interfaces/msg/rosidl_generator_c__visibility_control.h
[3.424s] -- Symlinking: /home/patrickdew/aruco_d435/ros2-aruco-pose-estimation/aruco_interfaces/install/aruco_interfaces/share/aruco_interfaces/environment/library_path.sh
[3.438s] -- Symlinking: /home/patrickdew/aruco_d435/ros2-aruco-pose-estimation/aruco_interfaces/install/aruco_interfaces/share/aruco_interfaces/environment/library_path.dsv
[3.450s] -- Symlinking: /home/patrickdew/aruco_d435/ros2-aruco-pose-estimation/aruco_interfaces/install/aruco_interfaces/include/aruco_interfaces/aruco_interfaces/msg/detail/aruco_markers__rosidl_typesupport_fastrtps_c.h
[3.463s] -- Symlinking: /home/patrickdew/aruco_d435/ros2-aruco-pose-estimation/aruco_interfaces/install/aruco_interfaces/include/aruco_interfaces/aruco_interfaces/msg/rosidl_typesupport_fastrtps_c__visibility_control.h
[3.476s] -- Symlinking: /home/patrickdew/aruco_d435/ros2-aruco-pose-estimation/aruco_interfaces/install/aruco_interfaces/include/aruco_interfaces/aruco_interfaces/msg/aruco_markers.hpp
[3.487s] -- Symlinking: /home/patrickdew/aruco_d435/ros2-aruco-pose-estimation/aruco_interfaces/install/aruco_interfaces/include/aruco_interfaces/aruco_interfaces/msg/detail/aruco_markers__builder.hpp
[3.497s] -- Symlinking: /home/patrickdew/aruco_d435/ros2-aruco-pose-estimation/aruco_interfaces/install/aruco_interfaces/include/aruco_interfaces/aruco_interfaces/msg/detail/aruco_markers__struct.hpp
[3.509s] -- Symlinking: /home/patrickdew/aruco_d435/ros2-aruco-pose-estimation/aruco_interfaces/install/aruco_interfaces/include/aruco_interfaces/aruco_interfaces/msg/detail/aruco_markers__traits.hpp
[3.521s] -- Symlinking: /home/patrickdew/aruco_d435/ros2-aruco-pose-estimation/aruco_interfaces/install/aruco_interfaces/include/aruco_interfaces/aruco_interfaces/msg/detail/aruco_markers__rosidl_typesupport_fastrtps_cpp.hpp
[3.532s] -- Symlinking: /home/patrickdew/aruco_d435/ros2-aruco-pose-estimation/aruco_interfaces/install/aruco_interfaces/include/aruco_interfaces/aruco_interfaces/msg/rosidl_typesupport_fastrtps_cpp__visibility_control.h
[3.541s] -- Symlinking: /home/patrickdew/aruco_d435/ros2-aruco-pose-estimation/aruco_interfaces/install/aruco_interfaces/include/aruco_interfaces/aruco_interfaces/msg/detail/aruco_markers__rosidl_typesupport_introspection_c.h
[3.551s] -- Symlinking: /home/patrickdew/aruco_d435/ros2-aruco-pose-estimation/aruco_interfaces/install/aruco_interfaces/include/aruco_interfaces/aruco_interfaces/msg/rosidl_typesupport_introspection_c__visibility_control.h
[3.562s] -- Symlinking: /home/patrickdew/aruco_d435/ros2-aruco-pose-estimation/aruco_interfaces/install/aruco_interfaces/include/aruco_interfaces/aruco_interfaces/msg/detail/aruco_markers__rosidl_typesupport_introspection_cpp.hpp
[3.573s] -- Symlinking: /home/patrickdew/aruco_d435/ros2-aruco-pose-estimation/aruco_interfaces/install/aruco_interfaces/share/aruco_interfaces/environment/pythonpath.sh
[3.584s] -- Symlinking: /home/patrickdew/aruco_d435/ros2-aruco-pose-estimation/aruco_interfaces/install/aruco_interfaces/share/aruco_interfaces/environment/pythonpath.dsv
[3.597s] -- Symlinking: /home/patrickdew/aruco_d435/ros2-aruco-pose-estimation/aruco_interfaces/install/aruco_interfaces/lib/python3.10/site-packages/aruco_interfaces-0.1.0-py3.10.egg-info/PKG-INFO
[3.608s] -- Symlinking: /home/patrickdew/aruco_d435/ros2-aruco-pose-estimation/aruco_interfaces/install/aruco_interfaces/lib/python3.10/site-packages/aruco_interfaces-0.1.0-py3.10.egg-info/SOURCES.txt
[3.621s] -- Symlinking: /home/patrickdew/aruco_d435/ros2-aruco-pose-estimation/aruco_interfaces/install/aruco_interfaces/lib/python3.10/site-packages/aruco_interfaces-0.1.0-py3.10.egg-info/dependency_links.txt
[3.631s] -- Symlinking: /home/patrickdew/aruco_d435/ros2-aruco-pose-estimation/aruco_interfaces/install/aruco_interfaces/lib/python3.10/site-packages/aruco_interfaces-0.1.0-py3.10.egg-info/top_level.txt
[3.643s] -- Symlinking: /home/patrickdew/aruco_d435/ros2-aruco-pose-estimation/aruco_interfaces/install/aruco_interfaces/lib/python3.10/site-packages/aruco_interfaces/__init__.py
[3.654s] -- Symlinking: /home/patrickdew/aruco_d435/ros2-aruco-pose-estimation/aruco_interfaces/install/aruco_interfaces/lib/python3.10/site-packages/aruco_interfaces/_aruco_interfaces_s.ep.rosidl_typesupport_c.c
[3.665s] -- Symlinking: /home/patrickdew/aruco_d435/ros2-aruco-pose-estimation/aruco_interfaces/install/aruco_interfaces/lib/python3.10/site-packages/aruco_interfaces/_aruco_interfaces_s.ep.rosidl_typesupport_fastrtps_c.c
[3.673s] -- Symlinking: /home/patrickdew/aruco_d435/ros2-aruco-pose-estimation/aruco_interfaces/install/aruco_interfaces/lib/python3.10/site-packages/aruco_interfaces/_aruco_interfaces_s.ep.rosidl_typesupport_introspection_c.c
[3.682s] -- Symlinking: /home/patrickdew/aruco_d435/ros2-aruco-pose-estimation/aruco_interfaces/install/aruco_interfaces/lib/python3.10/site-packages/aruco_interfaces/aruco_interfaces_s__rosidl_typesupport_c.cpython-310-x86_64-linux-gnu.so
[3.688s] -- Symlinking: /home/patrickdew/aruco_d435/ros2-aruco-pose-estimation/aruco_interfaces/install/aruco_interfaces/lib/python3.10/site-packages/aruco_interfaces/aruco_interfaces_s__rosidl_typesupport_fastrtps_c.cpython-310-x86_64-linux-gnu.so
[3.695s] -- Symlinking: /home/patrickdew/aruco_d435/ros2-aruco-pose-estimation/aruco_interfaces/install/aruco_interfaces/lib/python3.10/site-packages/aruco_interfaces/aruco_interfaces_s__rosidl_typesupport_introspection_c.cpython-310-x86_64-linux-gnu.so
[3.700s] -- Symlinking: /home/patrickdew/aruco_d435/ros2-aruco-pose-estimation/aruco_interfaces/install/aruco_interfaces/lib/python3.10/site-packages/aruco_interfaces/libaruco_interfaces__rosidl_generator_py.so
[3.706s] -- Symlinking: /home/patrickdew/aruco_d435/ros2-aruco-pose-estimation/aruco_interfaces/install/aruco_interfaces/lib/python3.10/site-packages/aruco_interfaces/msg/__init__.py
[3.711s] -- Symlinking: /home/patrickdew/aruco_d435/ros2-aruco-pose-estimation/aruco_interfaces/install/aruco_interfaces/lib/python3.10/site-packages/aruco_interfaces/msg/_aruco_markers.py
[3.721s] -- Symlinking: /home/patrickdew/aruco_d435/ros2-aruco-pose-estimation/aruco_interfaces/install/aruco_interfaces/lib/python3.10/site-packages/aruco_interfaces/msg/_aruco_markers_s.c
[3.731s] -- Up-to-date symlink: /home/patrickdew/aruco_d435/ros2-aruco-pose-estimation/aruco_interfaces/install/aruco_interfaces/lib/python3.10/site-packages/aruco_interfaces/aruco_interfaces_s__rosidl_typesupport_fastrtps_c.cpython-310-x86_64-linux-gnu.so
[3.731s] -- Up-to-date symlink: /home/patrickdew/aruco_d435/ros2-aruco-pose-estimation/aruco_interfaces/install/aruco_interfaces/lib/python3.10/site-packages/aruco_interfaces/aruco_interfaces_s__rosidl_typesupport_introspection_c.cpython-310-x86_64-linux-gnu.so
[3.731s] -- Up-to-date symlink: /home/patrickdew/aruco_d435/ros2-aruco-pose-estimation/aruco_interfaces/install/aruco_interfaces/lib/python3.10/site-packages/aruco_interfaces/aruco_interfaces_s__rosidl_typesupport_c.cpython-310-x86_64-linux-gnu.so
[3.731s] -- Symlinking: /home/patrickdew/aruco_d435/ros2-aruco-pose-estimation/aruco_interfaces/install/aruco_interfaces/share/aruco_interfaces/msg/ArucoMarkers.idl
[3.740s] -- Symlinking: /home/patrickdew/aruco_d435/ros2-aruco-pose-estimation/aruco_interfaces/install/aruco_interfaces/share/aruco_interfaces/msg/ArucoMarkers.msg
[3.751s] -- Symlinking: /home/patrickdew/aruco_d435/ros2-aruco-pose-estimation/aruco_interfaces/install/aruco_interfaces/share/ament_index/resource_index/package_run_dependencies/aruco_interfaces
[3.763s] -- Symlinking: /home/patrickdew/aruco_d435/ros2-aruco-pose-estimation/aruco_interfaces/install/aruco_interfaces/share/ament_index/resource_index/parent_prefix_path/aruco_interfaces
[3.773s] -- Symlinking: /home/patrickdew/aruco_d435/ros2-aruco-pose-estimation/aruco_interfaces/install/aruco_interfaces/share/aruco_interfaces/environment/ament_prefix_path.sh
[3.783s] -- Symlinking: /home/patrickdew/aruco_d435/ros2-aruco-pose-estimation/aruco_interfaces/install/aruco_interfaces/share/aruco_interfaces/environment/ament_prefix_path.dsv
[3.792s] -- Symlinking: /home/patrickdew/aruco_d435/ros2-aruco-pose-estimation/aruco_interfaces/install/aruco_interfaces/share/aruco_interfaces/environment/path.sh
[3.803s] -- Symlinking: /home/patrickdew/aruco_d435/ros2-aruco-pose-estimation/aruco_interfaces/install/aruco_interfaces/share/aruco_interfaces/environment/path.dsv
[3.813s] -- Symlinking: /home/patrickdew/aruco_d435/ros2-aruco-pose-estimation/aruco_interfaces/install/aruco_interfaces/share/aruco_interfaces/local_setup.bash
[3.824s] -- Symlinking: /home/patrickdew/aruco_d435/ros2-aruco-pose-estimation/aruco_interfaces/install/aruco_interfaces/share/aruco_interfaces/local_setup.sh
[3.833s] -- Symlinking: /home/patrickdew/aruco_d435/ros2-aruco-pose-estimation/aruco_interfaces/install/aruco_interfaces/share/aruco_interfaces/local_setup.zsh
[3.845s] -- Symlinking: /home/patrickdew/aruco_d435/ros2-aruco-pose-estimation/aruco_interfaces/install/aruco_interfaces/share/aruco_interfaces/local_setup.dsv
[3.856s] -- Symlinking: /home/patrickdew/aruco_d435/ros2-aruco-pose-estimation/aruco_interfaces/install/aruco_interfaces/share/aruco_interfaces/package.dsv
[3.867s] -- Symlinking: /home/patrickdew/aruco_d435/ros2-aruco-pose-estimation/aruco_interfaces/install/aruco_interfaces/share/ament_index/resource_index/packages/aruco_interfaces
[3.875s] -- Symlinking: /home/patrickdew/aruco_d435/ros2-aruco-pose-estimation/aruco_interfaces/install/aruco_interfaces/share/aruco_interfaces/cmake/rosidl_cmake-extras.cmake
[3.884s] -- Symlinking: /home/patrickdew/aruco_d435/ros2-aruco-pose-estimation/aruco_interfaces/install/aruco_interfaces/share/aruco_interfaces/cmake/ament_cmake_export_dependencies-extras.cmake
[3.890s] -- Symlinking: /home/patrickdew/aruco_d435/ros2-aruco-pose-estimation/aruco_interfaces/install/aruco_interfaces/share/aruco_interfaces/cmake/ament_cmake_export_include_directories-extras.cmake
[3.895s] -- Symlinking: /home/patrickdew/aruco_d435/ros2-aruco-pose-estimation/aruco_interfaces/install/aruco_interfaces/share/aruco_interfaces/cmake/ament_cmake_export_libraries-extras.cmake
[3.902s] -- Symlinking: /home/patrickdew/aruco_d435/ros2-aruco-pose-estimation/aruco_interfaces/install/aruco_interfaces/share/aruco_interfaces/cmake/ament_cmake_export_targets-extras.cmake
[3.909s] -- Symlinking: /home/patrickdew/aruco_d435/ros2-aruco-pose-estimation/aruco_interfaces/install/aruco_interfaces/share/aruco_interfaces/cmake/rosidl_cmake_export_typesupport_targets-extras.cmake
[3.914s] -- Symlinking: /home/patrickdew/aruco_d435/ros2-aruco-pose-estimation/aruco_interfaces/install/aruco_interfaces/share/aruco_interfaces/cmake/rosidl_cmake_export_typesupport_libraries-extras.cmake
[3.919s] -- Symlinking: /home/patrickdew/aruco_d435/ros2-aruco-pose-estimation/aruco_interfaces/install/aruco_interfaces/share/aruco_interfaces/cmake/aruco_interfacesConfig.cmake
[3.927s] -- Symlinking: /home/patrickdew/aruco_d435/ros2-aruco-pose-estimation/aruco_interfaces/install/aruco_interfaces/share/aruco_interfaces/cmake/aruco_interfacesConfig-version.cmake
[3.934s] -- Symlinking: /home/patrickdew/aruco_d435/ros2-aruco-pose-estimation/aruco_interfaces/install/aruco_interfaces/share/aruco_interfaces/package.xml
[3.941s] -- Installing: /home/patrickdew/aruco_d435/ros2-aruco-pose-estimation/aruco_interfaces/install/aruco_interfaces/lib/libaruco_interfaces__rosidl_generator_c.so
[3.941s] -- Set runtime path of "/home/patrickdew/aruco_d435/ros2-aruco-pose-estimation/aruco_interfaces/install/aruco_interfaces/lib/libaruco_interfaces__rosidl_generator_c.so" to ""
[3.941s] -- Installing: /home/patrickdew/aruco_d435/ros2-aruco-pose-estimation/aruco_interfaces/install/aruco_interfaces/lib/libaruco_interfaces__rosidl_typesupport_fastrtps_c.so
[3.941s] -- Set runtime path of "/home/patrickdew/aruco_d435/ros2-aruco-pose-estimation/aruco_interfaces/install/aruco_interfaces/lib/libaruco_interfaces__rosidl_typesupport_fastrtps_c.so" to ""
[3.942s] -- Installing: /home/patrickdew/aruco_d435/ros2-aruco-pose-estimation/aruco_interfaces/install/aruco_interfaces/lib/libaruco_interfaces__rosidl_typesupport_fastrtps_cpp.so
[3.942s] -- Set runtime path of "/home/patrickdew/aruco_d435/ros2-aruco-pose-estimation/aruco_interfaces/install/aruco_interfaces/lib/libaruco_interfaces__rosidl_typesupport_fastrtps_cpp.so" to ""
[3.942s] -- Installing: /home/patrickdew/aruco_d435/ros2-aruco-pose-estimation/aruco_interfaces/install/aruco_interfaces/lib/libaruco_interfaces__rosidl_typesupport_introspection_c.so
[3.942s] -- Set runtime path of "/home/patrickdew/aruco_d435/ros2-aruco-pose-estimation/aruco_interfaces/install/aruco_interfaces/lib/libaruco_interfaces__rosidl_typesupport_introspection_c.so" to ""
[3.942s] -- Installing: /home/patrickdew/aruco_d435/ros2-aruco-pose-estimation/aruco_interfaces/install/aruco_interfaces/lib/libaruco_interfaces__rosidl_typesupport_c.so
[3.942s] -- Set runtime path of "/home/patrickdew/aruco_d435/ros2-aruco-pose-estimation/aruco_interfaces/install/aruco_interfaces/lib/libaruco_interfaces__rosidl_typesupport_c.so" to ""
[3.942s] -- Installing: /home/patrickdew/aruco_d435/ros2-aruco-pose-estimation/aruco_interfaces/install/aruco_interfaces/lib/libaruco_interfaces__rosidl_typesupport_introspection_cpp.so
[3.942s] -- Set runtime path of "/home/patrickdew/aruco_d435/ros2-aruco-pose-estimation/aruco_interfaces/install/aruco_interfaces/lib/libaruco_interfaces__rosidl_typesupport_introspection_cpp.so" to ""
[3.943s] -- Installing: /home/patrickdew/aruco_d435/ros2-aruco-pose-estimation/aruco_interfaces/install/aruco_interfaces/lib/libaruco_interfaces__rosidl_typesupport_cpp.so
[3.943s] -- Set runtime path of "/home/patrickdew/aruco_d435/ros2-aruco-pose-estimation/aruco_interfaces/install/aruco_interfaces/lib/libaruco_interfaces__rosidl_typesupport_cpp.so" to ""
[3.970s] Listing '/home/patrickdew/aruco_d435/ros2-aruco-pose-estimation/aruco_interfaces/install/aruco_interfaces/lib/python3.10/site-packages/aruco_interfaces'...
[3.970s] Compiling '/home/patrickdew/aruco_d435/ros2-aruco-pose-estimation/aruco_interfaces/install/aruco_interfaces/lib/python3.10/site-packages/aruco_interfaces/__init__.py'...
[3.970s] Listing '/home/patrickdew/aruco_d435/ros2-aruco-pose-estimation/aruco_interfaces/install/aruco_interfaces/lib/python3.10/site-packages/aruco_interfaces/msg'...
[3.970s] Compiling '/home/patrickdew/aruco_d435/ros2-aruco-pose-estimation/aruco_interfaces/install/aruco_interfaces/lib/python3.10/site-packages/aruco_interfaces/msg/__init__.py'...
[3.970s] Compiling '/home/patrickdew/aruco_d435/ros2-aruco-pose-estimation/aruco_interfaces/install/aruco_interfaces/lib/python3.10/site-packages/aruco_interfaces/msg/_aruco_markers.py'...
[3.973s] -- Installing: /home/patrickdew/aruco_d435/ros2-aruco-pose-estimation/aruco_interfaces/install/aruco_interfaces/lib/libaruco_interfaces__rosidl_generator_py.so
[3.973s] -- Set runtime path of "/home/patrickdew/aruco_d435/ros2-aruco-pose-estimation/aruco_interfaces/install/aruco_interfaces/lib/libaruco_interfaces__rosidl_generator_py.so" to ""
[3.973s] -- Installing: /home/patrickdew/aruco_d435/ros2-aruco-pose-estimation/aruco_interfaces/install/aruco_interfaces/share/aruco_interfaces/cmake/export_aruco_interfaces__rosidl_generator_cExport.cmake
[3.973s] -- Installing: /home/patrickdew/aruco_d435/ros2-aruco-pose-estimation/aruco_interfaces/install/aruco_interfaces/share/aruco_interfaces/cmake/export_aruco_interfaces__rosidl_generator_cExport-noconfig.cmake
[3.973s] -- Installing: /home/patrickdew/aruco_d435/ros2-aruco-pose-estimation/aruco_interfaces/install/aruco_interfaces/share/aruco_interfaces/cmake/export_aruco_interfaces__rosidl_typesupport_fastrtps_cExport.cmake
[3.973s] -- Installing: /home/patrickdew/aruco_d435/ros2-aruco-pose-estimation/aruco_interfaces/install/aruco_interfaces/share/aruco_interfaces/cmake/export_aruco_interfaces__rosidl_typesupport_fastrtps_cExport-noconfig.cmake
[3.973s] -- Installing: /home/patrickdew/aruco_d435/ros2-aruco-pose-estimation/aruco_interfaces/install/aruco_interfaces/share/aruco_interfaces/cmake/export_aruco_interfaces__rosidl_generator_cppExport.cmake
[3.973s] -- Installing: /home/patrickdew/aruco_d435/ros2-aruco-pose-estimation/aruco_interfaces/install/aruco_interfaces/share/aruco_interfaces/cmake/export_aruco_interfaces__rosidl_typesupport_fastrtps_cppExport.cmake
[3.973s] -- Installing: /home/patrickdew/aruco_d435/ros2-aruco-pose-estimation/aruco_interfaces/install/aruco_interfaces/share/aruco_interfaces/cmake/export_aruco_interfaces__rosidl_typesupport_fastrtps_cppExport-noconfig.cmake
[3.973s] -- Installing: /home/patrickdew/aruco_d435/ros2-aruco-pose-estimation/aruco_interfaces/install/aruco_interfaces/share/aruco_interfaces/cmake/aruco_interfaces__rosidl_typesupport_introspection_cExport.cmake
[3.974s] -- Installing: /home/patrickdew/aruco_d435/ros2-aruco-pose-estimation/aruco_interfaces/install/aruco_interfaces/share/aruco_interfaces/cmake/aruco_interfaces__rosidl_typesupport_introspection_cExport-noconfig.cmake
[3.974s] -- Installing: /home/patrickdew/aruco_d435/ros2-aruco-pose-estimation/aruco_interfaces/install/aruco_interfaces/share/aruco_interfaces/cmake/aruco_interfaces__rosidl_typesupport_cExport.cmake
[3.974s] -- Installing: /home/patrickdew/aruco_d435/ros2-aruco-pose-estimation/aruco_interfaces/install/aruco_interfaces/share/aruco_interfaces/cmake/aruco_interfaces__rosidl_typesupport_cExport-noconfig.cmake
[3.974s] -- Installing: /home/patrickdew/aruco_d435/ros2-aruco-pose-estimation/aruco_interfaces/install/aruco_interfaces/share/aruco_interfaces/cmake/aruco_interfaces__rosidl_typesupport_introspection_cppExport.cmake
[3.974s] -- Installing: /home/patrickdew/aruco_d435/ros2-aruco-pose-estimation/aruco_interfaces/install/aruco_interfaces/share/aruco_interfaces/cmake/aruco_interfaces__rosidl_typesupport_introspection_cppExport-noconfig.cmake
[3.974s] -- Installing: /home/patrickdew/aruco_d435/ros2-aruco-pose-estimation/aruco_interfaces/install/aruco_interfaces/share/aruco_interfaces/cmake/aruco_interfaces__rosidl_typesupport_cppExport.cmake
[3.974s] -- Installing: /home/patrickdew/aruco_d435/ros2-aruco-pose-estimation/aruco_interfaces/install/aruco_interfaces/share/aruco_interfaces/cmake/aruco_interfaces__rosidl_typesupport_cppExport-noconfig.cmake
[3.974s] -- Installing: /home/patrickdew/aruco_d435/ros2-aruco-pose-estimation/aruco_interfaces/install/aruco_interfaces/share/aruco_interfaces/cmake/export_aruco_interfaces__rosidl_generator_pyExport.cmake
[3.974s] -- Installing: /home/patrickdew/aruco_d435/ros2-aruco-pose-estimation/aruco_interfaces/install/aruco_interfaces/share/aruco_interfaces/cmake/export_aruco_interfaces__rosidl_generator_pyExport-noconfig.cmake
[3.975s] Invoked command in '/home/patrickdew/aruco_d435/ros2-aruco-pose-estimation/aruco_interfaces/build/aruco_interfaces' returned '0': CMAKE_PREFIX_PATH=${CMAKE_PREFIX_PATH}:/opt/ros/iron /usr/bin/cmake --install /home/patrickdew/aruco_d435/ros2-aruco-pose-estimation/aruco_interfaces/build/aruco_interfaces
