[0.066s] DEBUG:colcon:Command line arguments: ['/usr/bin/colcon', 'build', '--symlink-install']
[0.066s] DEBUG:colcon:Parsed command line arguments: Namespace(log_base=None, log_level=None, verb_name='build', build_base='build', install_base='install', merge_install=False, symlink_install=True, test_result_base=None, continue_on_error=False, executor='parallel', parallel_workers=24, event_handlers=None, ignore_user_meta=False, metas=['./colcon.meta'], base_paths=['.'], packages_ignore=None, packages_ignore_regex=None, paths=None, packages_up_to=None, packages_up_to_regex=None, packages_above=None, packages_above_and_dependencies=None, packages_above_depth=None, packages_select_by_dep=None, packages_skip_by_dep=None, packages_skip_up_to=None, packages_select_build_failed=False, packages_skip_build_finished=False, packages_select_test_failures=False, packages_skip_test_passed=False, packages_select=None, packages_skip=None, packages_select_regex=None, packages_skip_regex=None, packages_start=None, packages_end=None, allow_overriding=[], cmake_args=None, cmake_target=None, cmake_target_skip_unavailable=False, cmake_clean_cache=False, cmake_clean_first=False, cmake_force_configure=False, ament_cmake_args=None, catkin_cmake_args=None, catkin_skip_building_tests=False, mixin_files=None, mixin=None, verb_parser=<colcon_mixin.mixin.mixin_argument.MixinArgumentDecorator object at 0x7686fe147fa0>, verb_extension=<colcon_core.verb.build.BuildVerb object at 0x7686fe147af0>, main=<bound method BuildVerb.main of <colcon_core.verb.build.BuildVerb object at 0x7686fe147af0>>, mixin_verb=('build',))
[0.171s] Level 1:colcon.colcon_core.package_discovery:discover_packages(colcon_meta) check parameters
[0.171s] Level 1:colcon.colcon_core.package_discovery:discover_packages(recursive) check parameters
[0.171s] Level 1:colcon.colcon_core.package_discovery:discover_packages(ignore) check parameters
[0.171s] Level 1:colcon.colcon_core.package_discovery:discover_packages(path) check parameters
[0.171s] Level 1:colcon.colcon_core.package_discovery:discover_packages(colcon_meta) discover
[0.171s] Level 1:colcon.colcon_core.package_discovery:discover_packages(recursive) discover
[0.171s] INFO:colcon.colcon_core.package_discovery:Crawling recursively for packages in '/home/patrickdew/aruco_d435/ros2-aruco-pose-estimation/aruco_interfaces'
[0.171s] Level 1:colcon.colcon_core.package_identification:_identify(.) by extensions ['ignore', 'ignore_ament_install']
[0.171s] Level 1:colcon.colcon_core.package_identification:_identify(.) by extension 'ignore'
[0.171s] Level 1:colcon.colcon_core.package_identification:_identify(.) by extension 'ignore_ament_install'
[0.171s] Level 1:colcon.colcon_core.package_identification:_identify(.) by extensions ['colcon_pkg']
[0.171s] Level 1:colcon.colcon_core.package_identification:_identify(.) by extension 'colcon_pkg'
[0.171s] Level 1:colcon.colcon_core.package_identification:_identify(.) by extensions ['colcon_meta']
[0.171s] Level 1:colcon.colcon_core.package_identification:_identify(.) by extension 'colcon_meta'
[0.171s] Level 1:colcon.colcon_core.package_identification:_identify(.) by extensions ['ros']
[0.171s] Level 1:colcon.colcon_core.package_identification:_identify(.) by extension 'ros'
[0.181s] DEBUG:colcon.colcon_core.package_identification:Package '.' with type 'ros.ament_cmake' and name 'aruco_interfaces'
[0.181s] Level 1:colcon.colcon_core.package_discovery:discover_packages(recursive) using defaults
[0.181s] Level 1:colcon.colcon_core.package_discovery:discover_packages(ignore) discover
[0.181s] Level 1:colcon.colcon_core.package_discovery:discover_packages(ignore) using defaults
[0.181s] Level 1:colcon.colcon_core.package_discovery:discover_packages(path) discover
[0.181s] Level 1:colcon.colcon_core.package_discovery:discover_packages(path) using defaults
[0.199s] Level 1:colcon.colcon_core.package_discovery:discover_packages(prefix_path) check parameters
[0.199s] Level 1:colcon.colcon_core.package_discovery:discover_packages(prefix_path) discover
[0.200s] DEBUG:colcon.colcon_installed_package_information.package_discovery:Found 2 installed packages in /home/patrickdew/aruco_d435/ros2-aruco-pose-estimation/install
[0.201s] DEBUG:colcon.colcon_installed_package_information.package_discovery:Found 398 installed packages in /opt/ros/iron
[0.202s] Level 1:colcon.colcon_core.package_discovery:discover_packages(prefix_path) using defaults
[0.231s] Level 5:colcon.colcon_core.verb:set package 'aruco_interfaces' build argument 'cmake_args' from command line to 'None'
[0.231s] Level 5:colcon.colcon_core.verb:set package 'aruco_interfaces' build argument 'cmake_target' from command line to 'None'
[0.231s] Level 5:colcon.colcon_core.verb:set package 'aruco_interfaces' build argument 'cmake_target_skip_unavailable' from command line to 'False'
[0.231s] Level 5:colcon.colcon_core.verb:set package 'aruco_interfaces' build argument 'cmake_clean_cache' from command line to 'False'
[0.231s] Level 5:colcon.colcon_core.verb:set package 'aruco_interfaces' build argument 'cmake_clean_first' from command line to 'False'
[0.231s] Level 5:colcon.colcon_core.verb:set package 'aruco_interfaces' build argument 'cmake_force_configure' from command line to 'False'
[0.231s] Level 5:colcon.colcon_core.verb:set package 'aruco_interfaces' build argument 'ament_cmake_args' from command line to 'None'
[0.231s] Level 5:colcon.colcon_core.verb:set package 'aruco_interfaces' build argument 'catkin_cmake_args' from command line to 'None'
[0.231s] Level 5:colcon.colcon_core.verb:set package 'aruco_interfaces' build argument 'catkin_skip_building_tests' from command line to 'False'
[0.232s] DEBUG:colcon.colcon_core.verb:Building package 'aruco_interfaces' with the following arguments: {'ament_cmake_args': None, 'build_base': '/home/patrickdew/aruco_d435/ros2-aruco-pose-estimation/aruco_interfaces/build/aruco_interfaces', 'catkin_cmake_args': None, 'catkin_skip_building_tests': False, 'cmake_args': None, 'cmake_clean_cache': False, 'cmake_clean_first': False, 'cmake_force_configure': False, 'cmake_target': None, 'cmake_target_skip_unavailable': False, 'install_base': '/home/patrickdew/aruco_d435/ros2-aruco-pose-estimation/aruco_interfaces/install/aruco_interfaces', 'merge_install': False, 'path': '/home/patrickdew/aruco_d435/ros2-aruco-pose-estimation/aruco_interfaces', 'symlink_install': True, 'test_result_base': None}
[0.232s] INFO:colcon.colcon_core.executor:Executing jobs using 'parallel' executor
[0.232s] DEBUG:colcon.colcon_parallel_executor.executor.parallel:run_until_complete
[0.233s] INFO:colcon.colcon_ros.task.ament_cmake.build:Building ROS package in '/home/patrickdew/aruco_d435/ros2-aruco-pose-estimation/aruco_interfaces' with build type 'ament_cmake'
[0.233s] INFO:colcon.colcon_cmake.task.cmake.build:Building CMake package in '/home/patrickdew/aruco_d435/ros2-aruco-pose-estimation/aruco_interfaces'
[0.234s] INFO:colcon.colcon_core.plugin_system:Skipping extension 'colcon_core.shell.bat': Not used on non-Windows systems
[0.234s] INFO:colcon.colcon_core.shell:Skip shell extension 'powershell' for command environment: Not usable outside of PowerShell
[0.234s] DEBUG:colcon.colcon_core.shell:Skip shell extension 'dsv' for command environment
[0.241s] DEBUG:colcon.colcon_core.event_handler.log_command:Invoking command in '/home/patrickdew/aruco_d435/ros2-aruco-pose-estimation/aruco_interfaces/build/aruco_interfaces': CMAKE_PREFIX_PATH=${CMAKE_PREFIX_PATH}:/opt/ros/iron /usr/bin/cmake /home/patrickdew/aruco_d435/ros2-aruco-pose-estimation/aruco_interfaces -DAMENT_CMAKE_SYMLINK_INSTALL=1 -DCMAKE_INSTALL_PREFIX=/home/patrickdew/aruco_d435/ros2-aruco-pose-estimation/aruco_interfaces/install/aruco_interfaces
[1.897s] DEBUG:colcon.colcon_core.event_handler.log_command:Invoked command in '/home/patrickdew/aruco_d435/ros2-aruco-pose-estimation/aruco_interfaces/build/aruco_interfaces' returned '0': CMAKE_PREFIX_PATH=${CMAKE_PREFIX_PATH}:/opt/ros/iron /usr/bin/cmake /home/patrickdew/aruco_d435/ros2-aruco-pose-estimation/aruco_interfaces -DAMENT_CMAKE_SYMLINK_INSTALL=1 -DCMAKE_INSTALL_PREFIX=/home/patrickdew/aruco_d435/ros2-aruco-pose-estimation/aruco_interfaces/install/aruco_interfaces
[1.898s] DEBUG:colcon.colcon_core.event_handler.log_command:Invoking command in '/home/patrickdew/aruco_d435/ros2-aruco-pose-estimation/aruco_interfaces/build/aruco_interfaces': CMAKE_PREFIX_PATH=${CMAKE_PREFIX_PATH}:/opt/ros/iron /usr/bin/cmake --build /home/patrickdew/aruco_d435/ros2-aruco-pose-estimation/aruco_interfaces/build/aruco_interfaces -- -j24 -l24
[3.563s] DEBUG:colcon.colcon_core.event_handler.log_command:Invoked command in '/home/patrickdew/aruco_d435/ros2-aruco-pose-estimation/aruco_interfaces/build/aruco_interfaces' returned '0': CMAKE_PREFIX_PATH=${CMAKE_PREFIX_PATH}:/opt/ros/iron /usr/bin/cmake --build /home/patrickdew/aruco_d435/ros2-aruco-pose-estimation/aruco_interfaces/build/aruco_interfaces -- -j24 -l24
[3.569s] DEBUG:colcon.colcon_core.event_handler.log_command:Invoking command in '/home/patrickdew/aruco_d435/ros2-aruco-pose-estimation/aruco_interfaces/build/aruco_interfaces': CMAKE_PREFIX_PATH=${CMAKE_PREFIX_PATH}:/opt/ros/iron /usr/bin/cmake --install /home/patrickdew/aruco_d435/ros2-aruco-pose-estimation/aruco_interfaces/build/aruco_interfaces
[4.208s] Level 1:colcon.colcon_core.environment:create_environment_scripts_only(aruco_interfaces)
[4.208s] DEBUG:colcon.colcon_core.event_handler.log_command:Invoked command in '/home/patrickdew/aruco_d435/ros2-aruco-pose-estimation/aruco_interfaces/build/aruco_interfaces' returned '0': CMAKE_PREFIX_PATH=${CMAKE_PREFIX_PATH}:/opt/ros/iron /usr/bin/cmake --install /home/patrickdew/aruco_d435/ros2-aruco-pose-estimation/aruco_interfaces/build/aruco_interfaces
[4.210s] Level 1:colcon.colcon_core.environment:checking '/home/patrickdew/aruco_d435/ros2-aruco-pose-estimation/aruco_interfaces/install/aruco_interfaces' for CMake module files
[4.210s] Level 1:colcon.colcon_core.environment:checking '/home/patrickdew/aruco_d435/ros2-aruco-pose-estimation/aruco_interfaces/install/aruco_interfaces' for CMake config files
[4.211s] Level 1:colcon.colcon_core.shell:create_environment_hook('aruco_interfaces', 'cmake_prefix_path')
[4.211s] INFO:colcon.colcon_core.shell:Creating environment hook '/home/patrickdew/aruco_d435/ros2-aruco-pose-estimation/aruco_interfaces/install/aruco_interfaces/share/aruco_interfaces/hook/cmake_prefix_path.ps1'
[4.211s] INFO:colcon.colcon_core.shell:Creating environment descriptor '/home/patrickdew/aruco_d435/ros2-aruco-pose-estimation/aruco_interfaces/install/aruco_interfaces/share/aruco_interfaces/hook/cmake_prefix_path.dsv'
[4.211s] INFO:colcon.colcon_core.shell:Creating environment hook '/home/patrickdew/aruco_d435/ros2-aruco-pose-estimation/aruco_interfaces/install/aruco_interfaces/share/aruco_interfaces/hook/cmake_prefix_path.sh'
[4.212s] Level 1:colcon.colcon_core.environment:checking '/home/patrickdew/aruco_d435/ros2-aruco-pose-estimation/aruco_interfaces/install/aruco_interfaces/lib'
[4.212s] Level 1:colcon.colcon_core.shell:create_environment_hook('aruco_interfaces', 'ld_library_path_lib')
[4.212s] INFO:colcon.colcon_core.shell:Creating environment hook '/home/patrickdew/aruco_d435/ros2-aruco-pose-estimation/aruco_interfaces/install/aruco_interfaces/share/aruco_interfaces/hook/ld_library_path_lib.ps1'
[4.212s] INFO:colcon.colcon_core.shell:Creating environment descriptor '/home/patrickdew/aruco_d435/ros2-aruco-pose-estimation/aruco_interfaces/install/aruco_interfaces/share/aruco_interfaces/hook/ld_library_path_lib.dsv'
[4.213s] INFO:colcon.colcon_core.shell:Creating environment hook '/home/patrickdew/aruco_d435/ros2-aruco-pose-estimation/aruco_interfaces/install/aruco_interfaces/share/aruco_interfaces/hook/ld_library_path_lib.sh'
[4.213s] Level 1:colcon.colcon_core.environment:checking '/home/patrickdew/aruco_d435/ros2-aruco-pose-estimation/aruco_interfaces/install/aruco_interfaces/bin'
[4.213s] Level 1:colcon.colcon_core.environment:checking '/home/patrickdew/aruco_d435/ros2-aruco-pose-estimation/aruco_interfaces/install/aruco_interfaces/lib/pkgconfig/aruco_interfaces.pc'
[4.213s] Level 1:colcon.colcon_core.environment:checking '/home/patrickdew/aruco_d435/ros2-aruco-pose-estimation/aruco_interfaces/install/aruco_interfaces/lib/python3.10/site-packages'
[4.213s] Level 1:colcon.colcon_core.shell:create_environment_hook('aruco_interfaces', 'pythonpath')
[4.213s] INFO:colcon.colcon_core.shell:Creating environment hook '/home/patrickdew/aruco_d435/ros2-aruco-pose-estimation/aruco_interfaces/install/aruco_interfaces/share/aruco_interfaces/hook/pythonpath.ps1'
[4.213s] INFO:colcon.colcon_core.shell:Creating environment descriptor '/home/patrickdew/aruco_d435/ros2-aruco-pose-estimation/aruco_interfaces/install/aruco_interfaces/share/aruco_interfaces/hook/pythonpath.dsv'
[4.214s] INFO:colcon.colcon_core.shell:Creating environment hook '/home/patrickdew/aruco_d435/ros2-aruco-pose-estimation/aruco_interfaces/install/aruco_interfaces/share/aruco_interfaces/hook/pythonpath.sh'
[4.214s] Level 1:colcon.colcon_core.environment:checking '/home/patrickdew/aruco_d435/ros2-aruco-pose-estimation/aruco_interfaces/install/aruco_interfaces/bin'
[4.214s] INFO:colcon.colcon_core.shell:Creating package script '/home/patrickdew/aruco_d435/ros2-aruco-pose-estimation/aruco_interfaces/install/aruco_interfaces/share/aruco_interfaces/package.ps1'
[4.215s] INFO:colcon.colcon_core.shell:Creating package descriptor '/home/patrickdew/aruco_d435/ros2-aruco-pose-estimation/aruco_interfaces/install/aruco_interfaces/share/aruco_interfaces/package.dsv'
[4.215s] INFO:colcon.colcon_core.shell:Creating package script '/home/patrickdew/aruco_d435/ros2-aruco-pose-estimation/aruco_interfaces/install/aruco_interfaces/share/aruco_interfaces/package.sh'
[4.215s] INFO:colcon.colcon_core.shell:Creating package script '/home/patrickdew/aruco_d435/ros2-aruco-pose-estimation/aruco_interfaces/install/aruco_interfaces/share/aruco_interfaces/package.bash'
[4.216s] INFO:colcon.colcon_core.shell:Creating package script '/home/patrickdew/aruco_d435/ros2-aruco-pose-estimation/aruco_interfaces/install/aruco_interfaces/share/aruco_interfaces/package.zsh'
[4.216s] Level 1:colcon.colcon_core.environment:create_file_with_runtime_dependencies(/home/patrickdew/aruco_d435/ros2-aruco-pose-estimation/aruco_interfaces/install/aruco_interfaces/share/colcon-core/packages/aruco_interfaces)
[4.216s] Level 1:colcon.colcon_core.environment:create_environment_scripts_only(aruco_interfaces)
[4.217s] Level 1:colcon.colcon_core.environment:checking '/home/patrickdew/aruco_d435/ros2-aruco-pose-estimation/aruco_interfaces/install/aruco_interfaces' for CMake module files
[4.217s] Level 1:colcon.colcon_core.environment:checking '/home/patrickdew/aruco_d435/ros2-aruco-pose-estimation/aruco_interfaces/install/aruco_interfaces' for CMake config files
[4.217s] Level 1:colcon.colcon_core.shell:create_environment_hook('aruco_interfaces', 'cmake_prefix_path')
[4.217s] INFO:colcon.colcon_core.shell:Creating environment hook '/home/patrickdew/aruco_d435/ros2-aruco-pose-estimation/aruco_interfaces/install/aruco_interfaces/share/aruco_interfaces/hook/cmake_prefix_path.ps1'
[4.218s] INFO:colcon.colcon_core.shell:Creating environment descriptor '/home/patrickdew/aruco_d435/ros2-aruco-pose-estimation/aruco_interfaces/install/aruco_interfaces/share/aruco_interfaces/hook/cmake_prefix_path.dsv'
[4.218s] INFO:colcon.colcon_core.shell:Creating environment hook '/home/patrickdew/aruco_d435/ros2-aruco-pose-estimation/aruco_interfaces/install/aruco_interfaces/share/aruco_interfaces/hook/cmake_prefix_path.sh'
[4.218s] Level 1:colcon.colcon_core.environment:checking '/home/patrickdew/aruco_d435/ros2-aruco-pose-estimation/aruco_interfaces/install/aruco_interfaces/lib'
[4.218s] Level 1:colcon.colcon_core.shell:create_environment_hook('aruco_interfaces', 'ld_library_path_lib')
[4.218s] INFO:colcon.colcon_core.shell:Creating environment hook '/home/patrickdew/aruco_d435/ros2-aruco-pose-estimation/aruco_interfaces/install/aruco_interfaces/share/aruco_interfaces/hook/ld_library_path_lib.ps1'
[4.218s] INFO:colcon.colcon_core.shell:Creating environment descriptor '/home/patrickdew/aruco_d435/ros2-aruco-pose-estimation/aruco_interfaces/install/aruco_interfaces/share/aruco_interfaces/hook/ld_library_path_lib.dsv'
[4.219s] INFO:colcon.colcon_core.shell:Creating environment hook '/home/patrickdew/aruco_d435/ros2-aruco-pose-estimation/aruco_interfaces/install/aruco_interfaces/share/aruco_interfaces/hook/ld_library_path_lib.sh'
[4.219s] Level 1:colcon.colcon_core.environment:checking '/home/patrickdew/aruco_d435/ros2-aruco-pose-estimation/aruco_interfaces/install/aruco_interfaces/bin'
[4.219s] Level 1:colcon.colcon_core.environment:checking '/home/patrickdew/aruco_d435/ros2-aruco-pose-estimation/aruco_interfaces/install/aruco_interfaces/lib/pkgconfig/aruco_interfaces.pc'
[4.219s] Level 1:colcon.colcon_core.environment:checking '/home/patrickdew/aruco_d435/ros2-aruco-pose-estimation/aruco_interfaces/install/aruco_interfaces/lib/python3.10/site-packages'
[4.219s] Level 1:colcon.colcon_core.shell:create_environment_hook('aruco_interfaces', 'pythonpath')
[4.219s] INFO:colcon.colcon_core.shell:Creating environment hook '/home/patrickdew/aruco_d435/ros2-aruco-pose-estimation/aruco_interfaces/install/aruco_interfaces/share/aruco_interfaces/hook/pythonpath.ps1'
[4.219s] INFO:colcon.colcon_core.shell:Creating environment descriptor '/home/patrickdew/aruco_d435/ros2-aruco-pose-estimation/aruco_interfaces/install/aruco_interfaces/share/aruco_interfaces/hook/pythonpath.dsv'
[4.220s] INFO:colcon.colcon_core.shell:Creating environment hook '/home/patrickdew/aruco_d435/ros2-aruco-pose-estimation/aruco_interfaces/install/aruco_interfaces/share/aruco_interfaces/hook/pythonpath.sh'
[4.220s] Level 1:colcon.colcon_core.environment:checking '/home/patrickdew/aruco_d435/ros2-aruco-pose-estimation/aruco_interfaces/install/aruco_interfaces/bin'
[4.220s] INFO:colcon.colcon_core.shell:Creating package script '/home/patrickdew/aruco_d435/ros2-aruco-pose-estimation/aruco_interfaces/install/aruco_interfaces/share/aruco_interfaces/package.ps1'
[4.220s] INFO:colcon.colcon_core.shell:Creating package descriptor '/home/patrickdew/aruco_d435/ros2-aruco-pose-estimation/aruco_interfaces/install/aruco_interfaces/share/aruco_interfaces/package.dsv'
[4.221s] INFO:colcon.colcon_core.shell:Creating package script '/home/patrickdew/aruco_d435/ros2-aruco-pose-estimation/aruco_interfaces/install/aruco_interfaces/share/aruco_interfaces/package.sh'
[4.221s] INFO:colcon.colcon_core.shell:Creating package script '/home/patrickdew/aruco_d435/ros2-aruco-pose-estimation/aruco_interfaces/install/aruco_interfaces/share/aruco_interfaces/package.bash'
[4.221s] INFO:colcon.colcon_core.shell:Creating package script '/home/patrickdew/aruco_d435/ros2-aruco-pose-estimation/aruco_interfaces/install/aruco_interfaces/share/aruco_interfaces/package.zsh'
[4.221s] Level 1:colcon.colcon_core.environment:create_file_with_runtime_dependencies(/home/patrickdew/aruco_d435/ros2-aruco-pose-estimation/aruco_interfaces/install/aruco_interfaces/share/colcon-core/packages/aruco_interfaces)
[4.222s] DEBUG:colcon.colcon_parallel_executor.executor.parallel:closing loop
[4.222s] DEBUG:colcon.colcon_parallel_executor.executor.parallel:loop closed
[4.222s] DEBUG:colcon.colcon_parallel_executor.executor.parallel:run_until_complete finished with '0'
[4.222s] DEBUG:colcon.colcon_core.event_reactor:joining thread
[4.225s] INFO:colcon.colcon_core.plugin_system:Skipping extension 'colcon_notification.desktop_notification.terminal_notifier': Not used on non-Darwin systems
[4.225s] INFO:colcon.colcon_core.plugin_system:Skipping extension 'colcon_notification.desktop_notification.win32': Not used on non-Windows systems
[4.225s] INFO:colcon.colcon_notification.desktop_notification:Sending desktop notification using 'notify2'
[4.236s] DEBUG:colcon.colcon_core.event_reactor:joined thread
[4.236s] INFO:colcon.colcon_core.shell:Creating prefix script '/home/patrickdew/aruco_d435/ros2-aruco-pose-estimation/aruco_interfaces/install/local_setup.ps1'
[4.237s] INFO:colcon.colcon_core.shell:Creating prefix util module '/home/patrickdew/aruco_d435/ros2-aruco-pose-estimation/aruco_interfaces/install/_local_setup_util_ps1.py'
[4.238s] INFO:colcon.colcon_core.shell:Creating prefix chain script '/home/patrickdew/aruco_d435/ros2-aruco-pose-estimation/aruco_interfaces/install/setup.ps1'
[4.239s] INFO:colcon.colcon_core.shell:Creating prefix script '/home/patrickdew/aruco_d435/ros2-aruco-pose-estimation/aruco_interfaces/install/local_setup.sh'
[4.239s] INFO:colcon.colcon_core.shell:Creating prefix util module '/home/patrickdew/aruco_d435/ros2-aruco-pose-estimation/aruco_interfaces/install/_local_setup_util_sh.py'
[4.240s] INFO:colcon.colcon_core.shell:Creating prefix chain script '/home/patrickdew/aruco_d435/ros2-aruco-pose-estimation/aruco_interfaces/install/setup.sh'
[4.240s] INFO:colcon.colcon_core.shell:Creating prefix script '/home/patrickdew/aruco_d435/ros2-aruco-pose-estimation/aruco_interfaces/install/local_setup.bash'
[4.241s] INFO:colcon.colcon_core.shell:Creating prefix chain script '/home/patrickdew/aruco_d435/ros2-aruco-pose-estimation/aruco_interfaces/install/setup.bash'
[4.241s] INFO:colcon.colcon_core.shell:Creating prefix script '/home/patrickdew/aruco_d435/ros2-aruco-pose-estimation/aruco_interfaces/install/local_setup.zsh'
[4.241s] INFO:colcon.colcon_core.shell:Creating prefix chain script '/home/patrickdew/aruco_d435/ros2-aruco-pose-estimation/aruco_interfaces/install/setup.zsh'
